[0.105s] DEBUG:colcon:Command line arguments: ['/usr/bin/colcon', 'build', '--symlink-install']
[0.105s] DEBUG:colcon:Parsed command line arguments: Namespace(log_base=None, log_level=None, verb_name='build', build_base='build', install_base='install', merge_install=False, symlink_install=True, test_result_base=None, continue_on_error=False, executor='parallel', parallel_workers=16, event_handlers=None, ignore_user_meta=False, metas=['./colcon.meta'], base_paths=['.'], packages_ignore=None, packages_ignore_regex=None, paths=None, packages_up_to=None, packages_up_to_regex=None, packages_above=None, packages_above_and_dependencies=None, packages_above_depth=None, packages_select_by_dep=None, packages_skip_by_dep=None, packages_skip_up_to=None, packages_select_build_failed=False, packages_skip_build_finished=False, packages_select_test_failures=False, packages_skip_test_passed=False, packages_select=None, packages_skip=None, packages_select_regex=None, packages_skip_regex=None, packages_start=None, packages_end=None, cmake_args=None, cmake_target=None, cmake_target_skip_unavailable=False, cmake_clean_cache=False, cmake_clean_first=False, cmake_force_configure=False, ament_cmake_args=None, catkin_cmake_args=None, catkin_skip_building_tests=False, mixin_files=None, mixin=None, verb_parser=<colcon_mixin.mixin.mixin_argument.MixinArgumentDecorator object at 0x7bbba3ed6e10>, verb_extension=<colcon_core.verb.build.BuildVerb object at 0x7bbba4033110>, main=<bound method BuildVerb.main of <colcon_core.verb.build.BuildVerb object at 0x7bbba4033110>>, mixin_verb=('build',))
[0.144s] Level 1:colcon.colcon_core.package_discovery:discover_packages(colcon_meta) check parameters
[0.145s] Level 1:colcon.colcon_core.package_discovery:discover_packages(recursive) check parameters
[0.145s] Level 1:colcon.colcon_core.package_discovery:discover_packages(ignore) check parameters
[0.145s] Level 1:colcon.colcon_core.package_discovery:discover_packages(path) check parameters
[0.145s] Level 1:colcon.colcon_core.package_discovery:discover_packages(colcon_meta) discover
[0.145s] Level 1:colcon.colcon_core.package_discovery:discover_packages(recursive) discover
[0.145s] INFO:colcon.colcon_core.package_discovery:Crawling recursively for packages in '/workspaces/jazzy_docker/new_pcb_robot'
[0.145s] Level 1:colcon.colcon_core.package_identification:_identify(.) by extensions ['ignore', 'ignore_ament_install']
[0.145s] Level 1:colcon.colcon_core.package_identification:_identify(.) by extension 'ignore'
[0.145s] Level 1:colcon.colcon_core.package_identification:_identify(.) by extension 'ignore_ament_install'
[0.145s] Level 1:colcon.colcon_core.package_identification:_identify(.) by extensions ['colcon_pkg']
[0.145s] Level 1:colcon.colcon_core.package_identification:_identify(.) by extension 'colcon_pkg'
[0.145s] Level 1:colcon.colcon_core.package_identification:_identify(.) by extensions ['colcon_meta']
[0.145s] Level 1:colcon.colcon_core.package_identification:_identify(.) by extension 'colcon_meta'
[0.145s] Level 1:colcon.colcon_core.package_identification:_identify(.) by extensions ['ros']
[0.145s] Level 1:colcon.colcon_core.package_identification:_identify(.) by extension 'ros'
[0.168s] Level 1:colcon.colcon_core.package_identification:_identify(.) by extensions ['cmake', 'python']
[0.168s] Level 1:colcon.colcon_core.package_identification:_identify(.) by extension 'cmake'
[0.168s] Level 1:colcon.colcon_core.package_identification:_identify(.) by extension 'python'
[0.168s] Level 1:colcon.colcon_core.package_identification:_identify(.) by extensions ['python_setup_py']
[0.168s] Level 1:colcon.colcon_core.package_identification:_identify(.) by extension 'python_setup_py'
[0.169s] Level 1:colcon.colcon_core.package_identification:_identify(build) by extensions ['ignore', 'ignore_ament_install']
[0.169s] Level 1:colcon.colcon_core.package_identification:_identify(build) by extension 'ignore'
[0.169s] Level 1:colcon.colcon_core.package_identification:_identify(build) ignored
[0.169s] Level 1:colcon.colcon_core.package_identification:_identify(install) by extensions ['ignore', 'ignore_ament_install']
[0.169s] Level 1:colcon.colcon_core.package_identification:_identify(install) by extension 'ignore'
[0.169s] Level 1:colcon.colcon_core.package_identification:_identify(install) ignored
[0.169s] Level 1:colcon.colcon_core.package_identification:_identify(log) by extensions ['ignore', 'ignore_ament_install']
[0.169s] Level 1:colcon.colcon_core.package_identification:_identify(log) by extension 'ignore'
[0.169s] Level 1:colcon.colcon_core.package_identification:_identify(log) ignored
[0.169s] Level 1:colcon.colcon_core.package_identification:_identify(src) by extensions ['ignore', 'ignore_ament_install']
[0.169s] Level 1:colcon.colcon_core.package_identification:_identify(src) by extension 'ignore'
[0.169s] Level 1:colcon.colcon_core.package_identification:_identify(src) by extension 'ignore_ament_install'
[0.169s] Level 1:colcon.colcon_core.package_identification:_identify(src) by extensions ['colcon_pkg']
[0.169s] Level 1:colcon.colcon_core.package_identification:_identify(src) by extension 'colcon_pkg'
[0.169s] Level 1:colcon.colcon_core.package_identification:_identify(src) by extensions ['colcon_meta']
[0.169s] Level 1:colcon.colcon_core.package_identification:_identify(src) by extension 'colcon_meta'
[0.169s] Level 1:colcon.colcon_core.package_identification:_identify(src) by extensions ['ros']
[0.169s] Level 1:colcon.colcon_core.package_identification:_identify(src) by extension 'ros'
[0.170s] Level 1:colcon.colcon_core.package_identification:_identify(src) by extensions ['cmake', 'python']
[0.170s] Level 1:colcon.colcon_core.package_identification:_identify(src) by extension 'cmake'
[0.170s] Level 1:colcon.colcon_core.package_identification:_identify(src) by extension 'python'
[0.170s] Level 1:colcon.colcon_core.package_identification:_identify(src) by extensions ['python_setup_py']
[0.170s] Level 1:colcon.colcon_core.package_identification:_identify(src) by extension 'python_setup_py'
[0.170s] Level 1:colcon.colcon_core.package_identification:_identify(src/autonomous_robot) by extensions ['ignore', 'ignore_ament_install']
[0.170s] Level 1:colcon.colcon_core.package_identification:_identify(src/autonomous_robot) by extension 'ignore'
[0.170s] Level 1:colcon.colcon_core.package_identification:_identify(src/autonomous_robot) by extension 'ignore_ament_install'
[0.170s] Level 1:colcon.colcon_core.package_identification:_identify(src/autonomous_robot) by extensions ['colcon_pkg']
[0.170s] Level 1:colcon.colcon_core.package_identification:_identify(src/autonomous_robot) by extension 'colcon_pkg'
[0.170s] Level 1:colcon.colcon_core.package_identification:_identify(src/autonomous_robot) by extensions ['colcon_meta']
[0.170s] Level 1:colcon.colcon_core.package_identification:_identify(src/autonomous_robot) by extension 'colcon_meta'
[0.170s] Level 1:colcon.colcon_core.package_identification:_identify(src/autonomous_robot) by extensions ['ros']
[0.170s] Level 1:colcon.colcon_core.package_identification:_identify(src/autonomous_robot) by extension 'ros'
[0.172s] DEBUG:colcon.colcon_core.package_identification:Package 'src/autonomous_robot' with type 'ros.ament_cmake' and name 'autonomous_robot'
[0.172s] Level 1:colcon.colcon_core.package_identification:_identify(src/diffdrive_arduino) by extensions ['ignore', 'ignore_ament_install']
[0.172s] Level 1:colcon.colcon_core.package_identification:_identify(src/diffdrive_arduino) by extension 'ignore'
[0.172s] Level 1:colcon.colcon_core.package_identification:_identify(src/diffdrive_arduino) by extension 'ignore_ament_install'
[0.172s] Level 1:colcon.colcon_core.package_identification:_identify(src/diffdrive_arduino) by extensions ['colcon_pkg']
[0.172s] Level 1:colcon.colcon_core.package_identification:_identify(src/diffdrive_arduino) by extension 'colcon_pkg'
[0.172s] Level 1:colcon.colcon_core.package_identification:_identify(src/diffdrive_arduino) by extensions ['colcon_meta']
[0.172s] Level 1:colcon.colcon_core.package_identification:_identify(src/diffdrive_arduino) by extension 'colcon_meta'
[0.172s] Level 1:colcon.colcon_core.package_identification:_identify(src/diffdrive_arduino) by extensions ['ros']
[0.172s] Level 1:colcon.colcon_core.package_identification:_identify(src/diffdrive_arduino) by extension 'ros'
[0.173s] DEBUG:colcon.colcon_core.package_identification:Package 'src/diffdrive_arduino' with type 'ros.ament_cmake' and name 'diffdrive_arduino'
[0.173s] Level 1:colcon.colcon_core.package_identification:_identify(src/pan_tilt_description) by extensions ['ignore', 'ignore_ament_install']
[0.173s] Level 1:colcon.colcon_core.package_identification:_identify(src/pan_tilt_description) by extension 'ignore'
[0.173s] Level 1:colcon.colcon_core.package_identification:_identify(src/pan_tilt_description) by extension 'ignore_ament_install'
[0.173s] Level 1:colcon.colcon_core.package_identification:_identify(src/pan_tilt_description) by extensions ['colcon_pkg']
[0.173s] Level 1:colcon.colcon_core.package_identification:_identify(src/pan_tilt_description) by extension 'colcon_pkg'
[0.173s] Level 1:colcon.colcon_core.package_identification:_identify(src/pan_tilt_description) by extensions ['colcon_meta']
[0.173s] Level 1:colcon.colcon_core.package_identification:_identify(src/pan_tilt_description) by extension 'colcon_meta'
[0.173s] Level 1:colcon.colcon_core.package_identification:_identify(src/pan_tilt_description) by extensions ['ros']
[0.174s] Level 1:colcon.colcon_core.package_identification:_identify(src/pan_tilt_description) by extension 'ros'
[0.174s] DEBUG:colcon.colcon_core.package_identification:Package 'src/pan_tilt_description' with type 'ros.ament_python' and name 'pan_tilt_description'
[0.174s] Level 1:colcon.colcon_core.package_identification:_identify(src/pan_tilt_hardware) by extensions ['ignore', 'ignore_ament_install']
[0.175s] Level 1:colcon.colcon_core.package_identification:_identify(src/pan_tilt_hardware) by extension 'ignore'
[0.175s] Level 1:colcon.colcon_core.package_identification:_identify(src/pan_tilt_hardware) by extension 'ignore_ament_install'
[0.175s] Level 1:colcon.colcon_core.package_identification:_identify(src/pan_tilt_hardware) by extensions ['colcon_pkg']
[0.175s] Level 1:colcon.colcon_core.package_identification:_identify(src/pan_tilt_hardware) by extension 'colcon_pkg'
[0.175s] Level 1:colcon.colcon_core.package_identification:_identify(src/pan_tilt_hardware) by extensions ['colcon_meta']
[0.175s] Level 1:colcon.colcon_core.package_identification:_identify(src/pan_tilt_hardware) by extension 'colcon_meta'
[0.175s] Level 1:colcon.colcon_core.package_identification:_identify(src/pan_tilt_hardware) by extensions ['ros']
[0.175s] Level 1:colcon.colcon_core.package_identification:_identify(src/pan_tilt_hardware) by extension 'ros'
[0.175s] DEBUG:colcon.colcon_core.package_identification:Package 'src/pan_tilt_hardware' with type 'ros.ament_cmake' and name 'pan_tilt_hardware'
[0.175s] Level 1:colcon.colcon_core.package_discovery:discover_packages(recursive) using defaults
[0.175s] Level 1:colcon.colcon_core.package_discovery:discover_packages(ignore) discover
[0.175s] Level 1:colcon.colcon_core.package_discovery:discover_packages(ignore) using defaults
[0.175s] Level 1:colcon.colcon_core.package_discovery:discover_packages(path) discover
[0.175s] Level 1:colcon.colcon_core.package_discovery:discover_packages(path) using defaults
[0.193s] Level 5:colcon.colcon_core.verb:set package 'autonomous_robot' build argument 'cmake_args' from command line to 'None'
[0.193s] Level 5:colcon.colcon_core.verb:set package 'autonomous_robot' build argument 'cmake_target' from command line to 'None'
[0.193s] Level 5:colcon.colcon_core.verb:set package 'autonomous_robot' build argument 'cmake_target_skip_unavailable' from command line to 'False'
[0.193s] Level 5:colcon.colcon_core.verb:set package 'autonomous_robot' build argument 'cmake_clean_cache' from command line to 'False'
[0.193s] Level 5:colcon.colcon_core.verb:set package 'autonomous_robot' build argument 'cmake_clean_first' from command line to 'False'
[0.193s] Level 5:colcon.colcon_core.verb:set package 'autonomous_robot' build argument 'cmake_force_configure' from command line to 'False'
[0.193s] Level 5:colcon.colcon_core.verb:set package 'autonomous_robot' build argument 'ament_cmake_args' from command line to 'None'
[0.193s] Level 5:colcon.colcon_core.verb:set package 'autonomous_robot' build argument 'catkin_cmake_args' from command line to 'None'
[0.193s] Level 5:colcon.colcon_core.verb:set package 'autonomous_robot' build argument 'catkin_skip_building_tests' from command line to 'False'
[0.193s] DEBUG:colcon.colcon_core.verb:Building package 'autonomous_robot' with the following arguments: {'ament_cmake_args': None, 'build_base': '/workspaces/jazzy_docker/new_pcb_robot/build/autonomous_robot', 'catkin_cmake_args': None, 'catkin_skip_building_tests': False, 'cmake_args': None, 'cmake_clean_cache': False, 'cmake_clean_first': False, 'cmake_force_configure': False, 'cmake_target': None, 'cmake_target_skip_unavailable': False, 'install_base': '/workspaces/jazzy_docker/new_pcb_robot/install/autonomous_robot', 'merge_install': False, 'path': '/workspaces/jazzy_docker/new_pcb_robot/src/autonomous_robot', 'symlink_install': True, 'test_result_base': None}
[0.193s] Level 5:colcon.colcon_core.verb:set package 'diffdrive_arduino' build argument 'cmake_args' from command line to 'None'
[0.193s] Level 5:colcon.colcon_core.verb:set package 'diffdrive_arduino' build argument 'cmake_target' from command line to 'None'
[0.193s] Level 5:colcon.colcon_core.verb:set package 'diffdrive_arduino' build argument 'cmake_target_skip_unavailable' from command line to 'False'
[0.193s] Level 5:colcon.colcon_core.verb:set package 'diffdrive_arduino' build argument 'cmake_clean_cache' from command line to 'False'
[0.193s] Level 5:colcon.colcon_core.verb:set package 'diffdrive_arduino' build argument 'cmake_clean_first' from command line to 'False'
[0.193s] Level 5:colcon.colcon_core.verb:set package 'diffdrive_arduino' build argument 'cmake_force_configure' from command line to 'False'
[0.193s] Level 5:colcon.colcon_core.verb:set package 'diffdrive_arduino' build argument 'ament_cmake_args' from command line to 'None'
[0.193s] Level 5:colcon.colcon_core.verb:set package 'diffdrive_arduino' build argument 'catkin_cmake_args' from command line to 'None'
[0.193s] Level 5:colcon.colcon_core.verb:set package 'diffdrive_arduino' build argument 'catkin_skip_building_tests' from command line to 'False'
[0.193s] DEBUG:colcon.colcon_core.verb:Building package 'diffdrive_arduino' with the following arguments: {'ament_cmake_args': None, 'build_base': '/workspaces/jazzy_docker/new_pcb_robot/build/diffdrive_arduino', 'catkin_cmake_args': None, 'catkin_skip_building_tests': False, 'cmake_args': None, 'cmake_clean_cache': False, 'cmake_clean_first': False, 'cmake_force_configure': False, 'cmake_target': None, 'cmake_target_skip_unavailable': False, 'install_base': '/workspaces/jazzy_docker/new_pcb_robot/install/diffdrive_arduino', 'merge_install': False, 'path': '/workspaces/jazzy_docker/new_pcb_robot/src/diffdrive_arduino', 'symlink_install': True, 'test_result_base': None}
[0.193s] Level 5:colcon.colcon_core.verb:set package 'pan_tilt_description' build argument 'cmake_args' from command line to 'None'
[0.193s] Level 5:colcon.colcon_core.verb:set package 'pan_tilt_description' build argument 'cmake_target' from command line to 'None'
[0.193s] Level 5:colcon.colcon_core.verb:set package 'pan_tilt_description' build argument 'cmake_target_skip_unavailable' from command line to 'False'
[0.193s] Level 5:colcon.colcon_core.verb:set package 'pan_tilt_description' build argument 'cmake_clean_cache' from command line to 'False'
[0.194s] Level 5:colcon.colcon_core.verb:set package 'pan_tilt_description' build argument 'cmake_clean_first' from command line to 'False'
[0.194s] Level 5:colcon.colcon_core.verb:set package 'pan_tilt_description' build argument 'cmake_force_configure' from command line to 'False'
[0.194s] Level 5:colcon.colcon_core.verb:set package 'pan_tilt_description' build argument 'ament_cmake_args' from command line to 'None'
[0.194s] Level 5:colcon.colcon_core.verb:set package 'pan_tilt_description' build argument 'catkin_cmake_args' from command line to 'None'
[0.194s] Level 5:colcon.colcon_core.verb:set package 'pan_tilt_description' build argument 'catkin_skip_building_tests' from command line to 'False'
[0.194s] DEBUG:colcon.colcon_core.verb:Building package 'pan_tilt_description' with the following arguments: {'ament_cmake_args': None, 'build_base': '/workspaces/jazzy_docker/new_pcb_robot/build/pan_tilt_description', 'catkin_cmake_args': None, 'catkin_skip_building_tests': False, 'cmake_args': None, 'cmake_clean_cache': False, 'cmake_clean_first': False, 'cmake_force_configure': False, 'cmake_target': None, 'cmake_target_skip_unavailable': False, 'install_base': '/workspaces/jazzy_docker/new_pcb_robot/install/pan_tilt_description', 'merge_install': False, 'path': '/workspaces/jazzy_docker/new_pcb_robot/src/pan_tilt_description', 'symlink_install': True, 'test_result_base': None}
[0.194s] Level 5:colcon.colcon_core.verb:set package 'pan_tilt_hardware' build argument 'cmake_args' from command line to 'None'
[0.194s] Level 5:colcon.colcon_core.verb:set package 'pan_tilt_hardware' build argument 'cmake_target' from command line to 'None'
[0.194s] Level 5:colcon.colcon_core.verb:set package 'pan_tilt_hardware' build argument 'cmake_target_skip_unavailable' from command line to 'False'
[0.194s] Level 5:colcon.colcon_core.verb:set package 'pan_tilt_hardware' build argument 'cmake_clean_cache' from command line to 'False'
[0.194s] Level 5:colcon.colcon_core.verb:set package 'pan_tilt_hardware' build argument 'cmake_clean_first' from command line to 'False'
[0.194s] Level 5:colcon.colcon_core.verb:set package 'pan_tilt_hardware' build argument 'cmake_force_configure' from command line to 'False'
[0.194s] Level 5:colcon.colcon_core.verb:set package 'pan_tilt_hardware' build argument 'ament_cmake_args' from command line to 'None'
[0.194s] Level 5:colcon.colcon_core.verb:set package 'pan_tilt_hardware' build argument 'catkin_cmake_args' from command line to 'None'
[0.194s] Level 5:colcon.colcon_core.verb:set package 'pan_tilt_hardware' build argument 'catkin_skip_building_tests' from command line to 'False'
[0.194s] DEBUG:colcon.colcon_core.verb:Building package 'pan_tilt_hardware' with the following arguments: {'ament_cmake_args': None, 'build_base': '/workspaces/jazzy_docker/new_pcb_robot/build/pan_tilt_hardware', 'catkin_cmake_args': None, 'catkin_skip_building_tests': False, 'cmake_args': None, 'cmake_clean_cache': False, 'cmake_clean_first': False, 'cmake_force_configure': False, 'cmake_target': None, 'cmake_target_skip_unavailable': False, 'install_base': '/workspaces/jazzy_docker/new_pcb_robot/install/pan_tilt_hardware', 'merge_install': False, 'path': '/workspaces/jazzy_docker/new_pcb_robot/src/pan_tilt_hardware', 'symlink_install': True, 'test_result_base': None}
[0.194s] INFO:colcon.colcon_core.executor:Executing jobs using 'parallel' executor
[0.195s] DEBUG:colcon.colcon_parallel_executor.executor.parallel:run_until_complete
[0.195s] INFO:colcon.colcon_ros.task.ament_cmake.build:Building ROS package in '/workspaces/jazzy_docker/new_pcb_robot/src/autonomous_robot' with build type 'ament_cmake'
[0.195s] INFO:colcon.colcon_cmake.task.cmake.build:Building CMake package in '/workspaces/jazzy_docker/new_pcb_robot/src/autonomous_robot'
[0.198s] INFO:colcon.colcon_core.plugin_system:Skipping extension 'colcon_core.shell.bat': Not used on non-Windows systems
[0.198s] INFO:colcon.colcon_core.shell:Skip shell extension 'powershell' for command environment: Not usable outside of PowerShell
[0.198s] DEBUG:colcon.colcon_core.shell:Skip shell extension 'dsv' for command environment
[0.206s] INFO:colcon.colcon_ros.task.ament_cmake.build:Building ROS package in '/workspaces/jazzy_docker/new_pcb_robot/src/diffdrive_arduino' with build type 'ament_cmake'
[0.206s] INFO:colcon.colcon_cmake.task.cmake.build:Building CMake package in '/workspaces/jazzy_docker/new_pcb_robot/src/diffdrive_arduino'
[0.206s] INFO:colcon.colcon_core.shell:Skip shell extension 'powershell' for command environment: Not usable outside of PowerShell
[0.206s] DEBUG:colcon.colcon_core.shell:Skip shell extension 'dsv' for command environment
[0.210s] INFO:colcon.colcon_ros.task.ament_python.build:Building ROS package in '/workspaces/jazzy_docker/new_pcb_robot/src/pan_tilt_description' with build type 'ament_python'
[0.210s] Level 1:colcon.colcon_core.shell:create_environment_hook('pan_tilt_description', 'ament_prefix_path')
[0.211s] INFO:colcon.colcon_core.shell:Creating environment hook '/workspaces/jazzy_docker/new_pcb_robot/install/pan_tilt_description/share/pan_tilt_description/hook/ament_prefix_path.ps1'
[0.212s] INFO:colcon.colcon_core.shell:Creating environment descriptor '/workspaces/jazzy_docker/new_pcb_robot/install/pan_tilt_description/share/pan_tilt_description/hook/ament_prefix_path.dsv'
[0.213s] INFO:colcon.colcon_core.shell:Creating environment hook '/workspaces/jazzy_docker/new_pcb_robot/install/pan_tilt_description/share/pan_tilt_description/hook/ament_prefix_path.sh'
[0.213s] INFO:colcon.colcon_core.shell:Skip shell extension 'powershell' for command environment: Not usable outside of PowerShell
[0.213s] DEBUG:colcon.colcon_core.shell:Skip shell extension 'dsv' for command environment
[0.218s] INFO:colcon.colcon_ros.task.ament_cmake.build:Building ROS package in '/workspaces/jazzy_docker/new_pcb_robot/src/pan_tilt_hardware' with build type 'ament_cmake'
[0.218s] INFO:colcon.colcon_cmake.task.cmake.build:Building CMake package in '/workspaces/jazzy_docker/new_pcb_robot/src/pan_tilt_hardware'
[0.219s] INFO:colcon.colcon_core.shell:Skip shell extension 'powershell' for command environment: Not usable outside of PowerShell
[0.219s] DEBUG:colcon.colcon_core.shell:Skip shell extension 'dsv' for command environment
[0.228s] DEBUG:colcon.colcon_core.event_handler.log_command:Invoking command in '/workspaces/jazzy_docker/new_pcb_robot/build/autonomous_robot': CMAKE_PREFIX_PATH=${CMAKE_PREFIX_PATH}:/opt/ros/jazzy /usr/bin/cmake --build /workspaces/jazzy_docker/new_pcb_robot/build/autonomous_robot -- -j16 -l16
[0.233s] DEBUG:colcon.colcon_core.event_handler.log_command:Invoking command in '/workspaces/jazzy_docker/new_pcb_robot/build/diffdrive_arduino': CMAKE_PREFIX_PATH=${CMAKE_PREFIX_PATH}:/opt/ros/jazzy /usr/bin/cmake --build /workspaces/jazzy_docker/new_pcb_robot/build/diffdrive_arduino -- -j16 -l16
[0.468s] INFO:colcon.colcon_core.task.python.build:Building Python package in '/workspaces/jazzy_docker/new_pcb_robot/src/pan_tilt_description'
[0.468s] INFO:colcon.colcon_core.shell:Skip shell extension 'powershell' for command environment: Not usable outside of PowerShell
[0.468s] DEBUG:colcon.colcon_core.shell:Skip shell extension 'dsv' for command environment
[0.477s] DEBUG:colcon.colcon_core.event_handler.log_command:Invoking command in '/workspaces/jazzy_docker/new_pcb_robot/build/pan_tilt_hardware': CMAKE_PREFIX_PATH=${CMAKE_PREFIX_PATH}:/opt/ros/jazzy /usr/bin/cmake --build /workspaces/jazzy_docker/new_pcb_robot/build/pan_tilt_hardware -- -j16 -l16
[0.478s] DEBUG:colcon.colcon_core.event_handler.log_command:Invoked command in '/workspaces/jazzy_docker/new_pcb_robot/build/diffdrive_arduino' returned '0': CMAKE_PREFIX_PATH=${CMAKE_PREFIX_PATH}:/opt/ros/jazzy /usr/bin/cmake --build /workspaces/jazzy_docker/new_pcb_robot/build/diffdrive_arduino -- -j16 -l16
[0.490s] DEBUG:colcon.colcon_core.event_handler.log_command:Invoking command in '/workspaces/jazzy_docker/new_pcb_robot/build/diffdrive_arduino': CMAKE_PREFIX_PATH=${CMAKE_PREFIX_PATH}:/opt/ros/jazzy /usr/bin/cmake --install /workspaces/jazzy_docker/new_pcb_robot/build/diffdrive_arduino
[0.539s] Level 1:colcon.colcon_core.environment:create_environment_scripts_only(diffdrive_arduino)
[0.540s] DEBUG:colcon.colcon_core.event_handler.log_command:Invoked command in '/workspaces/jazzy_docker/new_pcb_robot/build/diffdrive_arduino' returned '0': CMAKE_PREFIX_PATH=${CMAKE_PREFIX_PATH}:/opt/ros/jazzy /usr/bin/cmake --install /workspaces/jazzy_docker/new_pcb_robot/build/diffdrive_arduino
[0.543s] Level 1:colcon.colcon_core.environment:checking '/workspaces/jazzy_docker/new_pcb_robot/install/diffdrive_arduino' for CMake module files
[0.544s] Level 1:colcon.colcon_core.environment:checking '/workspaces/jazzy_docker/new_pcb_robot/install/diffdrive_arduino' for CMake config files
[0.545s] Level 1:colcon.colcon_core.shell:create_environment_hook('diffdrive_arduino', 'cmake_prefix_path')
[0.545s] INFO:colcon.colcon_core.shell:Creating environment hook '/workspaces/jazzy_docker/new_pcb_robot/install/diffdrive_arduino/share/diffdrive_arduino/hook/cmake_prefix_path.ps1'
[0.546s] INFO:colcon.colcon_core.shell:Creating environment descriptor '/workspaces/jazzy_docker/new_pcb_robot/install/diffdrive_arduino/share/diffdrive_arduino/hook/cmake_prefix_path.dsv'
[0.548s] INFO:colcon.colcon_core.shell:Creating environment hook '/workspaces/jazzy_docker/new_pcb_robot/install/diffdrive_arduino/share/diffdrive_arduino/hook/cmake_prefix_path.sh'
[0.549s] Level 1:colcon.colcon_core.environment:checking '/workspaces/jazzy_docker/new_pcb_robot/install/diffdrive_arduino/lib'
[0.549s] Level 1:colcon.colcon_core.shell:create_environment_hook('diffdrive_arduino', 'ld_library_path_lib')
[0.549s] INFO:colcon.colcon_core.shell:Creating environment hook '/workspaces/jazzy_docker/new_pcb_robot/install/diffdrive_arduino/share/diffdrive_arduino/hook/ld_library_path_lib.ps1'
[0.550s] INFO:colcon.colcon_core.shell:Creating environment descriptor '/workspaces/jazzy_docker/new_pcb_robot/install/diffdrive_arduino/share/diffdrive_arduino/hook/ld_library_path_lib.dsv'
[0.551s] INFO:colcon.colcon_core.shell:Creating environment hook '/workspaces/jazzy_docker/new_pcb_robot/install/diffdrive_arduino/share/diffdrive_arduino/hook/ld_library_path_lib.sh'
[0.552s] Level 1:colcon.colcon_core.environment:checking '/workspaces/jazzy_docker/new_pcb_robot/install/diffdrive_arduino/bin'
[0.552s] Level 1:colcon.colcon_core.environment:checking '/workspaces/jazzy_docker/new_pcb_robot/install/diffdrive_arduino/lib/pkgconfig/diffdrive_arduino.pc'
[0.552s] Level 1:colcon.colcon_core.environment:checking '/workspaces/jazzy_docker/new_pcb_robot/install/diffdrive_arduino/lib/python3.12/site-packages'
[0.552s] Level 1:colcon.colcon_core.environment:checking '/workspaces/jazzy_docker/new_pcb_robot/install/diffdrive_arduino/bin'
[0.552s] INFO:colcon.colcon_core.shell:Creating package script '/workspaces/jazzy_docker/new_pcb_robot/install/diffdrive_arduino/share/diffdrive_arduino/package.ps1'
[0.553s] INFO:colcon.colcon_core.shell:Creating package descriptor '/workspaces/jazzy_docker/new_pcb_robot/install/diffdrive_arduino/share/diffdrive_arduino/package.dsv'
[0.554s] INFO:colcon.colcon_core.shell:Creating package script '/workspaces/jazzy_docker/new_pcb_robot/install/diffdrive_arduino/share/diffdrive_arduino/package.sh'
[0.554s] INFO:colcon.colcon_core.shell:Creating package script '/workspaces/jazzy_docker/new_pcb_robot/install/diffdrive_arduino/share/diffdrive_arduino/package.bash'
[0.555s] INFO:colcon.colcon_core.shell:Creating package script '/workspaces/jazzy_docker/new_pcb_robot/install/diffdrive_arduino/share/diffdrive_arduino/package.zsh'
[0.556s] Level 1:colcon.colcon_core.environment:create_file_with_runtime_dependencies(/workspaces/jazzy_docker/new_pcb_robot/install/diffdrive_arduino/share/colcon-core/packages/diffdrive_arduino)
[0.556s] Level 1:colcon.colcon_core.environment:create_environment_scripts_only(diffdrive_arduino)
[0.556s] Level 1:colcon.colcon_core.environment:checking '/workspaces/jazzy_docker/new_pcb_robot/install/diffdrive_arduino' for CMake module files
[0.557s] Level 1:colcon.colcon_core.environment:checking '/workspaces/jazzy_docker/new_pcb_robot/install/diffdrive_arduino' for CMake config files
[0.557s] Level 1:colcon.colcon_core.shell:create_environment_hook('diffdrive_arduino', 'cmake_prefix_path')
[0.557s] INFO:colcon.colcon_core.shell:Creating environment hook '/workspaces/jazzy_docker/new_pcb_robot/install/diffdrive_arduino/share/diffdrive_arduino/hook/cmake_prefix_path.ps1'
[0.558s] INFO:colcon.colcon_core.shell:Creating environment descriptor '/workspaces/jazzy_docker/new_pcb_robot/install/diffdrive_arduino/share/diffdrive_arduino/hook/cmake_prefix_path.dsv'
[0.558s] INFO:colcon.colcon_core.shell:Creating environment hook '/workspaces/jazzy_docker/new_pcb_robot/install/diffdrive_arduino/share/diffdrive_arduino/hook/cmake_prefix_path.sh'
[0.558s] Level 1:colcon.colcon_core.environment:checking '/workspaces/jazzy_docker/new_pcb_robot/install/diffdrive_arduino/lib'
[0.559s] Level 1:colcon.colcon_core.shell:create_environment_hook('diffdrive_arduino', 'ld_library_path_lib')
[0.559s] INFO:colcon.colcon_core.shell:Creating environment hook '/workspaces/jazzy_docker/new_pcb_robot/install/diffdrive_arduino/share/diffdrive_arduino/hook/ld_library_path_lib.ps1'
[0.559s] INFO:colcon.colcon_core.shell:Creating environment descriptor '/workspaces/jazzy_docker/new_pcb_robot/install/diffdrive_arduino/share/diffdrive_arduino/hook/ld_library_path_lib.dsv'
[0.559s] INFO:colcon.colcon_core.shell:Creating environment hook '/workspaces/jazzy_docker/new_pcb_robot/install/diffdrive_arduino/share/diffdrive_arduino/hook/ld_library_path_lib.sh'
[0.560s] Level 1:colcon.colcon_core.environment:checking '/workspaces/jazzy_docker/new_pcb_robot/install/diffdrive_arduino/bin'
[0.560s] Level 1:colcon.colcon_core.environment:checking '/workspaces/jazzy_docker/new_pcb_robot/install/diffdrive_arduino/lib/pkgconfig/diffdrive_arduino.pc'
[0.560s] Level 1:colcon.colcon_core.environment:checking '/workspaces/jazzy_docker/new_pcb_robot/install/diffdrive_arduino/lib/python3.12/site-packages'
[0.560s] Level 1:colcon.colcon_core.environment:checking '/workspaces/jazzy_docker/new_pcb_robot/install/diffdrive_arduino/bin'
[0.560s] INFO:colcon.colcon_core.shell:Creating package script '/workspaces/jazzy_docker/new_pcb_robot/install/diffdrive_arduino/share/diffdrive_arduino/package.ps1'
[0.560s] INFO:colcon.colcon_core.shell:Creating package descriptor '/workspaces/jazzy_docker/new_pcb_robot/install/diffdrive_arduino/share/diffdrive_arduino/package.dsv'
[0.561s] INFO:colcon.colcon_core.shell:Creating package script '/workspaces/jazzy_docker/new_pcb_robot/install/diffdrive_arduino/share/diffdrive_arduino/package.sh'
[0.561s] INFO:colcon.colcon_core.shell:Creating package script '/workspaces/jazzy_docker/new_pcb_robot/install/diffdrive_arduino/share/diffdrive_arduino/package.bash'
[0.561s] INFO:colcon.colcon_core.shell:Creating package script '/workspaces/jazzy_docker/new_pcb_robot/install/diffdrive_arduino/share/diffdrive_arduino/package.zsh'
[0.562s] Level 1:colcon.colcon_core.environment:create_file_with_runtime_dependencies(/workspaces/jazzy_docker/new_pcb_robot/install/diffdrive_arduino/share/colcon-core/packages/diffdrive_arduino)
[0.591s] DEBUG:colcon.colcon_core.event_handler.log_command:Invoked command in '/workspaces/jazzy_docker/new_pcb_robot/build/pan_tilt_hardware' returned '0': CMAKE_PREFIX_PATH=${CMAKE_PREFIX_PATH}:/opt/ros/jazzy /usr/bin/cmake --build /workspaces/jazzy_docker/new_pcb_robot/build/pan_tilt_hardware -- -j16 -l16
[0.592s] DEBUG:colcon.colcon_core.event_handler.log_command:Invoking command in '/workspaces/jazzy_docker/new_pcb_robot/build/pan_tilt_hardware': CMAKE_PREFIX_PATH=${CMAKE_PREFIX_PATH}:/opt/ros/jazzy /usr/bin/cmake --install /workspaces/jazzy_docker/new_pcb_robot/build/pan_tilt_hardware
[0.645s] Level 1:colcon.colcon_core.environment:create_environment_scripts_only(pan_tilt_hardware)
[0.646s] Level 1:colcon.colcon_core.environment:checking '/workspaces/jazzy_docker/new_pcb_robot/install/pan_tilt_hardware' for CMake module files
[0.646s] DEBUG:colcon.colcon_core.event_handler.log_command:Invoked command in '/workspaces/jazzy_docker/new_pcb_robot/build/pan_tilt_hardware' returned '0': CMAKE_PREFIX_PATH=${CMAKE_PREFIX_PATH}:/opt/ros/jazzy /usr/bin/cmake --install /workspaces/jazzy_docker/new_pcb_robot/build/pan_tilt_hardware
[0.647s] Level 1:colcon.colcon_core.environment:checking '/workspaces/jazzy_docker/new_pcb_robot/install/pan_tilt_hardware' for CMake config files
[0.647s] Level 1:colcon.colcon_core.shell:create_environment_hook('pan_tilt_hardware', 'cmake_prefix_path')
[0.648s] INFO:colcon.colcon_core.shell:Creating environment hook '/workspaces/jazzy_docker/new_pcb_robot/install/pan_tilt_hardware/share/pan_tilt_hardware/hook/cmake_prefix_path.ps1'
[0.648s] INFO:colcon.colcon_core.shell:Creating environment descriptor '/workspaces/jazzy_docker/new_pcb_robot/install/pan_tilt_hardware/share/pan_tilt_hardware/hook/cmake_prefix_path.dsv'
[0.649s] INFO:colcon.colcon_core.shell:Creating environment hook '/workspaces/jazzy_docker/new_pcb_robot/install/pan_tilt_hardware/share/pan_tilt_hardware/hook/cmake_prefix_path.sh'
[0.650s] Level 1:colcon.colcon_core.environment:checking '/workspaces/jazzy_docker/new_pcb_robot/install/pan_tilt_hardware/lib'
[0.651s] Level 1:colcon.colcon_core.shell:create_environment_hook('pan_tilt_hardware', 'ld_library_path_lib')
[0.651s] INFO:colcon.colcon_core.shell:Creating environment hook '/workspaces/jazzy_docker/new_pcb_robot/install/pan_tilt_hardware/share/pan_tilt_hardware/hook/ld_library_path_lib.ps1'
[0.652s] INFO:colcon.colcon_core.shell:Creating environment descriptor '/workspaces/jazzy_docker/new_pcb_robot/install/pan_tilt_hardware/share/pan_tilt_hardware/hook/ld_library_path_lib.dsv'
[0.652s] INFO:colcon.colcon_core.shell:Creating environment hook '/workspaces/jazzy_docker/new_pcb_robot/install/pan_tilt_hardware/share/pan_tilt_hardware/hook/ld_library_path_lib.sh'
[0.653s] Level 1:colcon.colcon_core.environment:checking '/workspaces/jazzy_docker/new_pcb_robot/install/pan_tilt_hardware/bin'
[0.653s] Level 1:colcon.colcon_core.environment:checking '/workspaces/jazzy_docker/new_pcb_robot/install/pan_tilt_hardware/lib/pkgconfig/pan_tilt_hardware.pc'
[0.653s] Level 1:colcon.colcon_core.environment:checking '/workspaces/jazzy_docker/new_pcb_robot/install/pan_tilt_hardware/lib/python3.12/site-packages'
[0.653s] Level 1:colcon.colcon_core.environment:checking '/workspaces/jazzy_docker/new_pcb_robot/install/pan_tilt_hardware/bin'
[0.654s] INFO:colcon.colcon_core.shell:Creating package script '/workspaces/jazzy_docker/new_pcb_robot/install/pan_tilt_hardware/share/pan_tilt_hardware/package.ps1'
[0.654s] INFO:colcon.colcon_core.shell:Creating package descriptor '/workspaces/jazzy_docker/new_pcb_robot/install/pan_tilt_hardware/share/pan_tilt_hardware/package.dsv'
[0.654s] INFO:colcon.colcon_core.shell:Creating package script '/workspaces/jazzy_docker/new_pcb_robot/install/pan_tilt_hardware/share/pan_tilt_hardware/package.sh'
[0.655s] INFO:colcon.colcon_core.shell:Creating package script '/workspaces/jazzy_docker/new_pcb_robot/install/pan_tilt_hardware/share/pan_tilt_hardware/package.bash'
[0.655s] INFO:colcon.colcon_core.shell:Creating package script '/workspaces/jazzy_docker/new_pcb_robot/install/pan_tilt_hardware/share/pan_tilt_hardware/package.zsh'
[0.655s] Level 1:colcon.colcon_core.environment:create_file_with_runtime_dependencies(/workspaces/jazzy_docker/new_pcb_robot/install/pan_tilt_hardware/share/colcon-core/packages/pan_tilt_hardware)
[0.656s] Level 1:colcon.colcon_core.environment:create_environment_scripts_only(pan_tilt_hardware)
[0.656s] Level 1:colcon.colcon_core.environment:checking '/workspaces/jazzy_docker/new_pcb_robot/install/pan_tilt_hardware' for CMake module files
[0.656s] Level 1:colcon.colcon_core.environment:checking '/workspaces/jazzy_docker/new_pcb_robot/install/pan_tilt_hardware' for CMake config files
[0.657s] Level 1:colcon.colcon_core.shell:create_environment_hook('pan_tilt_hardware', 'cmake_prefix_path')
[0.657s] INFO:colcon.colcon_core.shell:Creating environment hook '/workspaces/jazzy_docker/new_pcb_robot/install/pan_tilt_hardware/share/pan_tilt_hardware/hook/cmake_prefix_path.ps1'
[0.657s] INFO:colcon.colcon_core.shell:Creating environment descriptor '/workspaces/jazzy_docker/new_pcb_robot/install/pan_tilt_hardware/share/pan_tilt_hardware/hook/cmake_prefix_path.dsv'
[0.657s] INFO:colcon.colcon_core.shell:Creating environment hook '/workspaces/jazzy_docker/new_pcb_robot/install/pan_tilt_hardware/share/pan_tilt_hardware/hook/cmake_prefix_path.sh'
[0.658s] Level 1:colcon.colcon_core.environment:checking '/workspaces/jazzy_docker/new_pcb_robot/install/pan_tilt_hardware/lib'
[0.658s] Level 1:colcon.colcon_core.shell:create_environment_hook('pan_tilt_hardware', 'ld_library_path_lib')
[0.658s] INFO:colcon.colcon_core.shell:Creating environment hook '/workspaces/jazzy_docker/new_pcb_robot/install/pan_tilt_hardware/share/pan_tilt_hardware/hook/ld_library_path_lib.ps1'
[0.658s] INFO:colcon.colcon_core.shell:Creating environment descriptor '/workspaces/jazzy_docker/new_pcb_robot/install/pan_tilt_hardware/share/pan_tilt_hardware/hook/ld_library_path_lib.dsv'
[0.659s] INFO:colcon.colcon_core.shell:Creating environment hook '/workspaces/jazzy_docker/new_pcb_robot/install/pan_tilt_hardware/share/pan_tilt_hardware/hook/ld_library_path_lib.sh'
[0.659s] Level 1:colcon.colcon_core.environment:checking '/workspaces/jazzy_docker/new_pcb_robot/install/pan_tilt_hardware/bin'
[0.659s] Level 1:colcon.colcon_core.environment:checking '/workspaces/jazzy_docker/new_pcb_robot/install/pan_tilt_hardware/lib/pkgconfig/pan_tilt_hardware.pc'
[0.659s] Level 1:colcon.colcon_core.environment:checking '/workspaces/jazzy_docker/new_pcb_robot/install/pan_tilt_hardware/lib/python3.12/site-packages'
[0.660s] Level 1:colcon.colcon_core.environment:checking '/workspaces/jazzy_docker/new_pcb_robot/install/pan_tilt_hardware/bin'
[0.660s] INFO:colcon.colcon_core.shell:Creating package script '/workspaces/jazzy_docker/new_pcb_robot/install/pan_tilt_hardware/share/pan_tilt_hardware/package.ps1'
[0.660s] INFO:colcon.colcon_core.shell:Creating package descriptor '/workspaces/jazzy_docker/new_pcb_robot/install/pan_tilt_hardware/share/pan_tilt_hardware/package.dsv'
[0.661s] INFO:colcon.colcon_core.shell:Creating package script '/workspaces/jazzy_docker/new_pcb_robot/install/pan_tilt_hardware/share/pan_tilt_hardware/package.sh'
[0.661s] INFO:colcon.colcon_core.shell:Creating package script '/workspaces/jazzy_docker/new_pcb_robot/install/pan_tilt_hardware/share/pan_tilt_hardware/package.bash'
[0.661s] INFO:colcon.colcon_core.shell:Creating package script '/workspaces/jazzy_docker/new_pcb_robot/install/pan_tilt_hardware/share/pan_tilt_hardware/package.zsh'
[0.662s] Level 1:colcon.colcon_core.environment:create_file_with_runtime_dependencies(/workspaces/jazzy_docker/new_pcb_robot/install/pan_tilt_hardware/share/colcon-core/packages/pan_tilt_hardware)
[0.761s] DEBUG:colcon.colcon_core.event_handler.log_command:Invoked command in '/workspaces/jazzy_docker/new_pcb_robot/build/autonomous_robot' returned '0': CMAKE_PREFIX_PATH=${CMAKE_PREFIX_PATH}:/opt/ros/jazzy /usr/bin/cmake --build /workspaces/jazzy_docker/new_pcb_robot/build/autonomous_robot -- -j16 -l16
[0.762s] DEBUG:colcon.colcon_core.event_handler.log_command:Invoking command in '/workspaces/jazzy_docker/new_pcb_robot/build/autonomous_robot': CMAKE_PREFIX_PATH=${CMAKE_PREFIX_PATH}:/opt/ros/jazzy /usr/bin/cmake --install /workspaces/jazzy_docker/new_pcb_robot/build/autonomous_robot
[0.872s] Level 1:colcon.colcon_core.environment:create_environment_scripts_only(autonomous_robot)
[0.873s] Level 1:colcon.colcon_core.environment:checking '/workspaces/jazzy_docker/new_pcb_robot/install/autonomous_robot' for CMake module files
[0.873s] DEBUG:colcon.colcon_core.event_handler.log_command:Invoked command in '/workspaces/jazzy_docker/new_pcb_robot/build/autonomous_robot' returned '0': CMAKE_PREFIX_PATH=${CMAKE_PREFIX_PATH}:/opt/ros/jazzy /usr/bin/cmake --install /workspaces/jazzy_docker/new_pcb_robot/build/autonomous_robot
[0.874s] Level 1:colcon.colcon_core.environment:checking '/workspaces/jazzy_docker/new_pcb_robot/install/autonomous_robot' for CMake config files
[0.874s] Level 1:colcon.colcon_core.shell:create_environment_hook('autonomous_robot', 'cmake_prefix_path')
[0.875s] INFO:colcon.colcon_core.shell:Creating environment hook '/workspaces/jazzy_docker/new_pcb_robot/install/autonomous_robot/share/autonomous_robot/hook/cmake_prefix_path.ps1'
[0.875s] INFO:colcon.colcon_core.shell:Creating environment descriptor '/workspaces/jazzy_docker/new_pcb_robot/install/autonomous_robot/share/autonomous_robot/hook/cmake_prefix_path.dsv'
[0.875s] INFO:colcon.colcon_core.shell:Creating environment hook '/workspaces/jazzy_docker/new_pcb_robot/install/autonomous_robot/share/autonomous_robot/hook/cmake_prefix_path.sh'
[0.876s] Level 1:colcon.colcon_core.environment:checking '/workspaces/jazzy_docker/new_pcb_robot/install/autonomous_robot/lib'
[0.877s] Level 1:colcon.colcon_core.environment:checking '/workspaces/jazzy_docker/new_pcb_robot/install/autonomous_robot/bin'
[0.877s] Level 1:colcon.colcon_core.environment:checking '/workspaces/jazzy_docker/new_pcb_robot/install/autonomous_robot/lib/pkgconfig/autonomous_robot.pc'
[0.877s] Level 1:colcon.colcon_core.environment:checking '/workspaces/jazzy_docker/new_pcb_robot/install/autonomous_robot/lib/python3.12/site-packages'
[0.877s] Level 1:colcon.colcon_core.shell:create_environment_hook('autonomous_robot', 'pythonpath')
[0.878s] INFO:colcon.colcon_core.shell:Creating environment hook '/workspaces/jazzy_docker/new_pcb_robot/install/autonomous_robot/share/autonomous_robot/hook/pythonpath.ps1'
[0.878s] INFO:colcon.colcon_core.shell:Creating environment descriptor '/workspaces/jazzy_docker/new_pcb_robot/install/autonomous_robot/share/autonomous_robot/hook/pythonpath.dsv'
[0.878s] INFO:colcon.colcon_core.shell:Creating environment hook '/workspaces/jazzy_docker/new_pcb_robot/install/autonomous_robot/share/autonomous_robot/hook/pythonpath.sh'
[0.879s] Level 1:colcon.colcon_core.environment:checking '/workspaces/jazzy_docker/new_pcb_robot/install/autonomous_robot/bin'
[0.879s] INFO:colcon.colcon_core.shell:Creating package script '/workspaces/jazzy_docker/new_pcb_robot/install/autonomous_robot/share/autonomous_robot/package.ps1'
[0.880s] INFO:colcon.colcon_core.shell:Creating package descriptor '/workspaces/jazzy_docker/new_pcb_robot/install/autonomous_robot/share/autonomous_robot/package.dsv'
[0.880s] INFO:colcon.colcon_core.shell:Creating package script '/workspaces/jazzy_docker/new_pcb_robot/install/autonomous_robot/share/autonomous_robot/package.sh'
[0.880s] INFO:colcon.colcon_core.shell:Creating package script '/workspaces/jazzy_docker/new_pcb_robot/install/autonomous_robot/share/autonomous_robot/package.bash'
[0.881s] INFO:colcon.colcon_core.shell:Creating package script '/workspaces/jazzy_docker/new_pcb_robot/install/autonomous_robot/share/autonomous_robot/package.zsh'
[0.881s] Level 1:colcon.colcon_core.environment:create_file_with_runtime_dependencies(/workspaces/jazzy_docker/new_pcb_robot/install/autonomous_robot/share/colcon-core/packages/autonomous_robot)
[0.881s] Level 1:colcon.colcon_core.environment:create_environment_scripts_only(autonomous_robot)
[0.881s] Level 1:colcon.colcon_core.environment:checking '/workspaces/jazzy_docker/new_pcb_robot/install/autonomous_robot' for CMake module files
[0.882s] Level 1:colcon.colcon_core.environment:checking '/workspaces/jazzy_docker/new_pcb_robot/install/autonomous_robot' for CMake config files
[0.882s] Level 1:colcon.colcon_core.shell:create_environment_hook('autonomous_robot', 'cmake_prefix_path')
[0.883s] INFO:colcon.colcon_core.shell:Creating environment hook '/workspaces/jazzy_docker/new_pcb_robot/install/autonomous_robot/share/autonomous_robot/hook/cmake_prefix_path.ps1'
[0.883s] INFO:colcon.colcon_core.shell:Creating environment descriptor '/workspaces/jazzy_docker/new_pcb_robot/install/autonomous_robot/share/autonomous_robot/hook/cmake_prefix_path.dsv'
[0.883s] INFO:colcon.colcon_core.shell:Creating environment hook '/workspaces/jazzy_docker/new_pcb_robot/install/autonomous_robot/share/autonomous_robot/hook/cmake_prefix_path.sh'
[0.884s] Level 1:colcon.colcon_core.environment:checking '/workspaces/jazzy_docker/new_pcb_robot/install/autonomous_robot/lib'
[0.884s] Level 1:colcon.colcon_core.environment:checking '/workspaces/jazzy_docker/new_pcb_robot/install/autonomous_robot/bin'
[0.884s] Level 1:colcon.colcon_core.environment:checking '/workspaces/jazzy_docker/new_pcb_robot/install/autonomous_robot/lib/pkgconfig/autonomous_robot.pc'
[0.884s] Level 1:colcon.colcon_core.environment:checking '/workspaces/jazzy_docker/new_pcb_robot/install/autonomous_robot/lib/python3.12/site-packages'
[0.884s] Level 1:colcon.colcon_core.shell:create_environment_hook('autonomous_robot', 'pythonpath')
[0.884s] INFO:colcon.colcon_core.shell:Creating environment hook '/workspaces/jazzy_docker/new_pcb_robot/install/autonomous_robot/share/autonomous_robot/hook/pythonpath.ps1'
[0.885s] INFO:colcon.colcon_core.shell:Creating environment descriptor '/workspaces/jazzy_docker/new_pcb_robot/install/autonomous_robot/share/autonomous_robot/hook/pythonpath.dsv'
[0.885s] INFO:colcon.colcon_core.shell:Creating environment hook '/workspaces/jazzy_docker/new_pcb_robot/install/autonomous_robot/share/autonomous_robot/hook/pythonpath.sh'
[0.885s] Level 1:colcon.colcon_core.environment:checking '/workspaces/jazzy_docker/new_pcb_robot/install/autonomous_robot/bin'
[0.886s] INFO:colcon.colcon_core.shell:Creating package script '/workspaces/jazzy_docker/new_pcb_robot/install/autonomous_robot/share/autonomous_robot/package.ps1'
[0.886s] INFO:colcon.colcon_core.shell:Creating package descriptor '/workspaces/jazzy_docker/new_pcb_robot/install/autonomous_robot/share/autonomous_robot/package.dsv'
[0.887s] INFO:colcon.colcon_core.shell:Creating package script '/workspaces/jazzy_docker/new_pcb_robot/install/autonomous_robot/share/autonomous_robot/package.sh'
[0.887s] INFO:colcon.colcon_core.shell:Creating package script '/workspaces/jazzy_docker/new_pcb_robot/install/autonomous_robot/share/autonomous_robot/package.bash'
[0.887s] INFO:colcon.colcon_core.shell:Creating package script '/workspaces/jazzy_docker/new_pcb_robot/install/autonomous_robot/share/autonomous_robot/package.zsh'
[0.888s] Level 1:colcon.colcon_core.environment:create_file_with_runtime_dependencies(/workspaces/jazzy_docker/new_pcb_robot/install/autonomous_robot/share/colcon-core/packages/autonomous_robot)
[1.272s] DEBUG:colcon.colcon_core.event_handler.log_command:Invoking command in '/workspaces/jazzy_docker/new_pcb_robot/build/pan_tilt_description': PYTHONPATH=/workspaces/jazzy_docker/new_pcb_robot/build/pan_tilt_description/prefix_override:/usr/lib/python3/dist-packages/colcon_core/task/python/colcon_distutils_commands:/workspaces/jazzy_docker/new_pcb_robot/install/pan_tilt_description/lib/python3.12/site-packages:${PYTHONPATH} /usr/bin/python3 -W ignore:setup.py install is deprecated -W ignore:easy_install command is deprecated setup.py develop --editable --build-directory /workspaces/jazzy_docker/new_pcb_robot/build/pan_tilt_description/build --no-deps symlink_data
[1.884s] Level 1:colcon.colcon_core.shell:create_environment_hook('pan_tilt_description', 'pythonpath_develop')
[1.884s] INFO:colcon.colcon_core.shell:Creating environment hook '/workspaces/jazzy_docker/new_pcb_robot/build/pan_tilt_description/share/pan_tilt_description/hook/pythonpath_develop.ps1'
[1.885s] DEBUG:colcon.colcon_core.event_handler.log_command:Invoked command in '/workspaces/jazzy_docker/new_pcb_robot/build/pan_tilt_description' returned '0': PYTHONPATH=/workspaces/jazzy_docker/new_pcb_robot/build/pan_tilt_description/prefix_override:/usr/lib/python3/dist-packages/colcon_core/task/python/colcon_distutils_commands:/workspaces/jazzy_docker/new_pcb_robot/install/pan_tilt_description/lib/python3.12/site-packages:${PYTHONPATH} /usr/bin/python3 -W ignore:setup.py install is deprecated -W ignore:easy_install command is deprecated setup.py develop --editable --build-directory /workspaces/jazzy_docker/new_pcb_robot/build/pan_tilt_description/build --no-deps symlink_data
[1.885s] INFO:colcon.colcon_core.shell:Creating environment descriptor '/workspaces/jazzy_docker/new_pcb_robot/build/pan_tilt_description/share/pan_tilt_description/hook/pythonpath_develop.dsv'
[1.885s] INFO:colcon.colcon_core.shell:Creating environment hook '/workspaces/jazzy_docker/new_pcb_robot/build/pan_tilt_description/share/pan_tilt_description/hook/pythonpath_develop.sh'
[1.886s] Level 1:colcon.colcon_core.environment:checking '/workspaces/jazzy_docker/new_pcb_robot/install/pan_tilt_description' for CMake module files
[1.886s] Level 1:colcon.colcon_core.environment:checking '/workspaces/jazzy_docker/new_pcb_robot/install/pan_tilt_description' for CMake config files
[1.887s] Level 1:colcon.colcon_core.environment:checking '/workspaces/jazzy_docker/new_pcb_robot/install/pan_tilt_description/lib'
[1.887s] Level 1:colcon.colcon_core.environment:checking '/workspaces/jazzy_docker/new_pcb_robot/install/pan_tilt_description/bin'
[1.887s] Level 1:colcon.colcon_core.environment:checking '/workspaces/jazzy_docker/new_pcb_robot/install/pan_tilt_description/lib/pkgconfig/pan_tilt_description.pc'
[1.887s] Level 1:colcon.colcon_core.environment:checking '/workspaces/jazzy_docker/new_pcb_robot/install/pan_tilt_description/lib/python3.12/site-packages'
[1.887s] Level 1:colcon.colcon_core.shell:create_environment_hook('pan_tilt_description', 'pythonpath')
[1.887s] INFO:colcon.colcon_core.shell:Creating environment hook '/workspaces/jazzy_docker/new_pcb_robot/install/pan_tilt_description/share/pan_tilt_description/hook/pythonpath.ps1'
[1.888s] INFO:colcon.colcon_core.shell:Creating environment descriptor '/workspaces/jazzy_docker/new_pcb_robot/install/pan_tilt_description/share/pan_tilt_description/hook/pythonpath.dsv'
[1.888s] INFO:colcon.colcon_core.shell:Creating environment hook '/workspaces/jazzy_docker/new_pcb_robot/install/pan_tilt_description/share/pan_tilt_description/hook/pythonpath.sh'
[1.888s] Level 1:colcon.colcon_core.environment:checking '/workspaces/jazzy_docker/new_pcb_robot/install/pan_tilt_description/bin'
[1.888s] Level 1:colcon.colcon_core.environment:create_environment_scripts_only(pan_tilt_description)
[1.889s] INFO:colcon.colcon_core.shell:Creating package script '/workspaces/jazzy_docker/new_pcb_robot/install/pan_tilt_description/share/pan_tilt_description/package.ps1'
[1.889s] INFO:colcon.colcon_core.shell:Creating package descriptor '/workspaces/jazzy_docker/new_pcb_robot/install/pan_tilt_description/share/pan_tilt_description/package.dsv'
[1.889s] INFO:colcon.colcon_core.shell:Creating package script '/workspaces/jazzy_docker/new_pcb_robot/install/pan_tilt_description/share/pan_tilt_description/package.sh'
[1.890s] INFO:colcon.colcon_core.shell:Creating package script '/workspaces/jazzy_docker/new_pcb_robot/install/pan_tilt_description/share/pan_tilt_description/package.bash'
[1.890s] INFO:colcon.colcon_core.shell:Creating package script '/workspaces/jazzy_docker/new_pcb_robot/install/pan_tilt_description/share/pan_tilt_description/package.zsh'
[1.890s] Level 1:colcon.colcon_core.environment:create_file_with_runtime_dependencies(/workspaces/jazzy_docker/new_pcb_robot/install/pan_tilt_description/share/colcon-core/packages/pan_tilt_description)
[1.891s] DEBUG:colcon.colcon_parallel_executor.executor.parallel:closing loop
[1.891s] DEBUG:colcon.colcon_parallel_executor.executor.parallel:loop closed
[1.891s] DEBUG:colcon.colcon_parallel_executor.executor.parallel:run_until_complete finished with '0'
[1.891s] DEBUG:colcon.colcon_core.event_reactor:joining thread
[1.897s] INFO:colcon.colcon_core.plugin_system:Skipping extension 'colcon_notification.desktop_notification.terminal_notifier': Not used on non-Darwin systems
[1.897s] INFO:colcon.colcon_core.plugin_system:Skipping extension 'colcon_notification.desktop_notification.win32': Not used on non-Windows systems
[1.897s] INFO:colcon.colcon_notification.desktop_notification:Sending desktop notification using 'notify2'
[1.901s] DEBUG:colcon.colcon_notification.desktop_notification.notify2:Failed to initialize notify2: org.freedesktop.DBus.Error.Spawn.ExecFailed: /usr/bin/dbus-launch terminated abnormally without any error message
[1.901s] DEBUG:colcon.colcon_core.event_reactor:joined thread
[1.902s] INFO:colcon.colcon_core.shell:Creating prefix script '/workspaces/jazzy_docker/new_pcb_robot/install/local_setup.ps1'
[1.903s] INFO:colcon.colcon_core.shell:Creating prefix util module '/workspaces/jazzy_docker/new_pcb_robot/install/_local_setup_util_ps1.py'
[1.905s] INFO:colcon.colcon_core.shell:Creating prefix chain script '/workspaces/jazzy_docker/new_pcb_robot/install/setup.ps1'
[1.906s] INFO:colcon.colcon_core.shell:Creating prefix script '/workspaces/jazzy_docker/new_pcb_robot/install/local_setup.sh'
[1.907s] INFO:colcon.colcon_core.shell:Creating prefix util module '/workspaces/jazzy_docker/new_pcb_robot/install/_local_setup_util_sh.py'
[1.907s] INFO:colcon.colcon_core.shell:Creating prefix chain script '/workspaces/jazzy_docker/new_pcb_robot/install/setup.sh'
[1.909s] INFO:colcon.colcon_core.shell:Creating prefix script '/workspaces/jazzy_docker/new_pcb_robot/install/local_setup.bash'
[1.909s] INFO:colcon.colcon_core.shell:Creating prefix chain script '/workspaces/jazzy_docker/new_pcb_robot/install/setup.bash'
[1.911s] INFO:colcon.colcon_core.shell:Creating prefix script '/workspaces/jazzy_docker/new_pcb_robot/install/local_setup.zsh'
[1.911s] INFO:colcon.colcon_core.shell:Creating prefix chain script '/workspaces/jazzy_docker/new_pcb_robot/install/setup.zsh'
