[100%] Built target pan_tilt_hardware
-- Install configuration: ""
-- Execute custom install script
-- Up-to-date symlink: /workspaces/jazzy_docker/new_pcb_robot/install/pan_tilt_hardware/share/pan_tilt_hardware//pan_tilt_hardware.xml
-- Up-to-date symlink: /workspaces/jazzy_docker/new_pcb_robot/install/pan_tilt_hardware/lib/libpan_tilt_hardware.so
-- Up-to-date symlink: /workspaces/jazzy_docker/new_pcb_robot/install/pan_tilt_hardware/include/pan_tilt_hardware/pan_tilt_hardware.hpp
-- Up-to-date symlink: /workspaces/jazzy_docker/new_pcb_robot/install/pan_tilt_hardware/share/pan_tilt_hardware/launch/pan_tilt_control.launch.py
-- Up-to-date symlink: /workspaces/jazzy_docker/new_pcb_robot/install/pan_tilt_hardware/share/pan_tilt_hardware/launch/pan_tilt_hardware_only.launch.py
-- Up-to-date symlink: /workspaces/jazzy_docker/new_pcb_robot/install/pan_tilt_hardware/share/pan_tilt_hardware/config/pan_tilt_controllers.yaml
-- Up-to-date symlink: /workspaces/jazzy_docker/new_pcb_robot/install/pan_tilt_hardware/share/pan_tilt_hardware/urdf/pan_tilt_control.urdf.xacro
-- Up-to-date symlink: /workspaces/jazzy_docker/new_pcb_robot/install/pan_tilt_hardware/share/pan_tilt_hardware/urdf/pan_tilt_hardware_only.xacro
-- Up-to-date symlink: /workspaces/jazzy_docker/new_pcb_robot/install/pan_tilt_hardware/share/pan_tilt_hardware/urdf/pan_tilt_standalone_pi.xacro
-- Up-to-date symlink: /workspaces/jazzy_docker/new_pcb_robot/install/pan_tilt_hardware/share/pan_tilt_hardware/environment/library_path.sh
-- Up-to-date symlink: /workspaces/jazzy_docker/new_pcb_robot/install/pan_tilt_hardware/share/pan_tilt_hardware/environment/library_path.dsv
-- Up-to-date symlink: /workspaces/jazzy_docker/new_pcb_robot/install/pan_tilt_hardware/share/ament_index/resource_index/package_run_dependencies/pan_tilt_hardware
-- Up-to-date symlink: /workspaces/jazzy_docker/new_pcb_robot/install/pan_tilt_hardware/share/ament_index/resource_index/parent_prefix_path/pan_tilt_hardware
-- Up-to-date symlink: /workspaces/jazzy_docker/new_pcb_robot/install/pan_tilt_hardware/share/pan_tilt_hardware/environment/ament_prefix_path.sh
-- Up-to-date symlink: /workspaces/jazzy_docker/new_pcb_robot/install/pan_tilt_hardware/share/pan_tilt_hardware/environment/ament_prefix_path.dsv
-- Up-to-date symlink: /workspaces/jazzy_docker/new_pcb_robot/install/pan_tilt_hardware/share/pan_tilt_hardware/environment/path.sh
-- Up-to-date symlink: /workspaces/jazzy_docker/new_pcb_robot/install/pan_tilt_hardware/share/pan_tilt_hardware/environment/path.dsv
-- Up-to-date symlink: /workspaces/jazzy_docker/new_pcb_robot/install/pan_tilt_hardware/share/pan_tilt_hardware/local_setup.bash
-- Up-to-date symlink: /workspaces/jazzy_docker/new_pcb_robot/install/pan_tilt_hardware/share/pan_tilt_hardware/local_setup.sh
-- Up-to-date symlink: /workspaces/jazzy_docker/new_pcb_robot/install/pan_tilt_hardware/share/pan_tilt_hardware/local_setup.zsh
-- Up-to-date symlink: /workspaces/jazzy_docker/new_pcb_robot/install/pan_tilt_hardware/share/pan_tilt_hardware/local_setup.dsv
-- Symlinking: /workspaces/jazzy_docker/new_pcb_robot/install/pan_tilt_hardware/share/pan_tilt_hardware/package.dsv
-- Up-to-date symlink: /workspaces/jazzy_docker/new_pcb_robot/install/pan_tilt_hardware/share/ament_index/resource_index/packages/pan_tilt_hardware
-- Up-to-date symlink: /workspaces/jazzy_docker/new_pcb_robot/install/pan_tilt_hardware/share/ament_index/resource_index/hardware_interface__pluginlib__plugin/pan_tilt_hardware
-- Up-to-date symlink: /workspaces/jazzy_docker/new_pcb_robot/install/pan_tilt_hardware/share/pan_tilt_hardware/cmake/ament_cmake_export_include_directories-extras.cmake
-- Up-to-date symlink: /workspaces/jazzy_docker/new_pcb_robot/install/pan_tilt_hardware/share/pan_tilt_hardware/cmake/ament_cmake_export_libraries-extras.cmake
-- Up-to-date symlink: /workspaces/jazzy_docker/new_pcb_robot/install/pan_tilt_hardware/share/pan_tilt_hardware/cmake/ament_cmake_export_dependencies-extras.cmake
-- Up-to-date symlink: /workspaces/jazzy_docker/new_pcb_robot/install/pan_tilt_hardware/share/pan_tilt_hardware/cmake/pan_tilt_hardwareConfig.cmake
-- Up-to-date symlink: /workspaces/jazzy_docker/new_pcb_robot/install/pan_tilt_hardware/share/pan_tilt_hardware/cmake/pan_tilt_hardwareConfig-version.cmake
-- Up-to-date symlink: /workspaces/jazzy_docker/new_pcb_robot/install/pan_tilt_hardware/share/pan_tilt_hardware/package.xml
