[0.259s] Invoking command in '/workspaces/jazzy_docker/new_pcb_robot/build/pan_tilt_hardware': CMAKE_PREFIX_PATH=${CMAKE_PREFIX_PATH}:/opt/ros/jazzy /usr/bin/cmake --build /workspaces/jazzy_docker/new_pcb_robot/build/pan_tilt_hardware -- -j16 -l16
[0.355s] [100%] Built target pan_tilt_hardware
[0.372s] Invoked command in '/workspaces/jazzy_docker/new_pcb_robot/build/pan_tilt_hardware' returned '0': CMAKE_PREFIX_PATH=${CMAKE_PREFIX_PATH}:/opt/ros/jazzy /usr/bin/cmake --build /workspaces/jazzy_docker/new_pcb_robot/build/pan_tilt_hardware -- -j16 -l16
[0.374s] Invoking command in '/workspaces/jazzy_docker/new_pcb_robot/build/pan_tilt_hardware': CMAKE_PREFIX_PATH=${CMAKE_PREFIX_PATH}:/opt/ros/jazzy /usr/bin/cmake --install /workspaces/jazzy_docker/new_pcb_robot/build/pan_tilt_hardware
[0.389s] -- Install configuration: ""
[0.390s] -- Execute custom install script
[0.390s] -- Up-to-date symlink: /workspaces/jazzy_docker/new_pcb_robot/install/pan_tilt_hardware/share/pan_tilt_hardware//pan_tilt_hardware.xml
[0.391s] -- Up-to-date symlink: /workspaces/jazzy_docker/new_pcb_robot/install/pan_tilt_hardware/lib/libpan_tilt_hardware.so
[0.393s] -- Up-to-date symlink: /workspaces/jazzy_docker/new_pcb_robot/install/pan_tilt_hardware/include/pan_tilt_hardware/pan_tilt_hardware.hpp
[0.394s] -- Up-to-date symlink: /workspaces/jazzy_docker/new_pcb_robot/install/pan_tilt_hardware/share/pan_tilt_hardware/launch/pan_tilt_control.launch.py
[0.394s] -- Up-to-date symlink: /workspaces/jazzy_docker/new_pcb_robot/install/pan_tilt_hardware/share/pan_tilt_hardware/launch/pan_tilt_hardware_only.launch.py
[0.395s] -- Up-to-date symlink: /workspaces/jazzy_docker/new_pcb_robot/install/pan_tilt_hardware/share/pan_tilt_hardware/config/pan_tilt_controllers.yaml
[0.395s] -- Up-to-date symlink: /workspaces/jazzy_docker/new_pcb_robot/install/pan_tilt_hardware/share/pan_tilt_hardware/urdf/pan_tilt_control.urdf.xacro
[0.396s] -- Up-to-date symlink: /workspaces/jazzy_docker/new_pcb_robot/install/pan_tilt_hardware/share/pan_tilt_hardware/urdf/pan_tilt_hardware_only.xacro
[0.396s] -- Up-to-date symlink: /workspaces/jazzy_docker/new_pcb_robot/install/pan_tilt_hardware/share/pan_tilt_hardware/urdf/pan_tilt_standalone_pi.xacro
[0.397s] -- Up-to-date symlink: /workspaces/jazzy_docker/new_pcb_robot/install/pan_tilt_hardware/share/pan_tilt_hardware/environment/library_path.sh
[0.397s] -- Up-to-date symlink: /workspaces/jazzy_docker/new_pcb_robot/install/pan_tilt_hardware/share/pan_tilt_hardware/environment/library_path.dsv
[0.398s] -- Up-to-date symlink: /workspaces/jazzy_docker/new_pcb_robot/install/pan_tilt_hardware/share/ament_index/resource_index/package_run_dependencies/pan_tilt_hardware
[0.398s] -- Up-to-date symlink: /workspaces/jazzy_docker/new_pcb_robot/install/pan_tilt_hardware/share/ament_index/resource_index/parent_prefix_path/pan_tilt_hardware
[0.399s] -- Up-to-date symlink: /workspaces/jazzy_docker/new_pcb_robot/install/pan_tilt_hardware/share/pan_tilt_hardware/environment/ament_prefix_path.sh
[0.399s] -- Up-to-date symlink: /workspaces/jazzy_docker/new_pcb_robot/install/pan_tilt_hardware/share/pan_tilt_hardware/environment/ament_prefix_path.dsv
[0.400s] -- Up-to-date symlink: /workspaces/jazzy_docker/new_pcb_robot/install/pan_tilt_hardware/share/pan_tilt_hardware/environment/path.sh
[0.400s] -- Up-to-date symlink: /workspaces/jazzy_docker/new_pcb_robot/install/pan_tilt_hardware/share/pan_tilt_hardware/environment/path.dsv
[0.401s] -- Up-to-date symlink: /workspaces/jazzy_docker/new_pcb_robot/install/pan_tilt_hardware/share/pan_tilt_hardware/local_setup.bash
[0.402s] -- Up-to-date symlink: /workspaces/jazzy_docker/new_pcb_robot/install/pan_tilt_hardware/share/pan_tilt_hardware/local_setup.sh
[0.402s] -- Up-to-date symlink: /workspaces/jazzy_docker/new_pcb_robot/install/pan_tilt_hardware/share/pan_tilt_hardware/local_setup.zsh
[0.403s] -- Up-to-date symlink: /workspaces/jazzy_docker/new_pcb_robot/install/pan_tilt_hardware/share/pan_tilt_hardware/local_setup.dsv
[0.403s] -- Symlinking: /workspaces/jazzy_docker/new_pcb_robot/install/pan_tilt_hardware/share/pan_tilt_hardware/package.dsv
[0.421s] -- Up-to-date symlink: /workspaces/jazzy_docker/new_pcb_robot/install/pan_tilt_hardware/share/ament_index/resource_index/packages/pan_tilt_hardware
[0.421s] -- Up-to-date symlink: /workspaces/jazzy_docker/new_pcb_robot/install/pan_tilt_hardware/share/ament_index/resource_index/hardware_interface__pluginlib__plugin/pan_tilt_hardware
[0.422s] -- Up-to-date symlink: /workspaces/jazzy_docker/new_pcb_robot/install/pan_tilt_hardware/share/pan_tilt_hardware/cmake/ament_cmake_export_include_directories-extras.cmake
[0.422s] -- Up-to-date symlink: /workspaces/jazzy_docker/new_pcb_robot/install/pan_tilt_hardware/share/pan_tilt_hardware/cmake/ament_cmake_export_libraries-extras.cmake
[0.423s] -- Up-to-date symlink: /workspaces/jazzy_docker/new_pcb_robot/install/pan_tilt_hardware/share/pan_tilt_hardware/cmake/ament_cmake_export_dependencies-extras.cmake
[0.423s] -- Up-to-date symlink: /workspaces/jazzy_docker/new_pcb_robot/install/pan_tilt_hardware/share/pan_tilt_hardware/cmake/pan_tilt_hardwareConfig.cmake
[0.424s] -- Up-to-date symlink: /workspaces/jazzy_docker/new_pcb_robot/install/pan_tilt_hardware/share/pan_tilt_hardware/cmake/pan_tilt_hardwareConfig-version.cmake
[0.424s] -- Up-to-date symlink: /workspaces/jazzy_docker/new_pcb_robot/install/pan_tilt_hardware/share/pan_tilt_hardware/package.xml
[0.428s] Invoked command in '/workspaces/jazzy_docker/new_pcb_robot/build/pan_tilt_hardware' returned '0': CMAKE_PREFIX_PATH=${CMAKE_PREFIX_PATH}:/opt/ros/jazzy /usr/bin/cmake --install /workspaces/jazzy_docker/new_pcb_robot/build/pan_tilt_hardware
