-- The C compiler identification is GNU 13.3.0
-- The CXX compiler identification is GNU 13.3.0
-- Detecting C compiler ABI info
-- Detecting C compiler ABI info - done
-- Check for working C compiler: /usr/bin/cc - skipped
-- Detecting C compile features
-- Detecting C compile features - done
-- Detecting CXX compiler ABI info
-- Detecting CXX compiler ABI info - done
-- Check for working CXX compiler: /usr/bin/c++ - skipped
-- Detecting CXX compile features
-- Detecting CXX compile features - done
-- Found ament_cmake: 2.5.4 (/opt/ros/jazzy/share/ament_cmake/cmake)
-- Found Python3: /usr/bin/python3 (found version "3.12.3") found components: Interpreter 
-- Override CMake install command with custom implementation using symlinks instead of copying resources
-- Found hardware_interface: 4.35.0 (/opt/ros/jazzy/share/hardware_interface/cmake)
-- Found rosidl_generator_c: 4.6.6 (/opt/ros/jazzy/share/rosidl_generator_c/cmake)
-- Found rosidl_generator_cpp: 4.6.6 (/opt/ros/jazzy/share/rosidl_generator_cpp/cmake)
-- Using all available rosidl_typesupport_c: rosidl_typesupport_fastrtps_c;rosidl_typesupport_introspection_c
-- Using all available rosidl_typesupport_cpp: rosidl_typesupport_fastrtps_cpp;rosidl_typesupport_introspection_cpp
-- Found TinyXML2 via Config file: /usr/lib/x86_64-linux-gnu/cmake/tinyxml2
-- Found rmw_implementation_cmake: 7.3.2 (/opt/ros/jazzy/share/rmw_implementation_cmake/cmake)
-- Found rmw_fastrtps_cpp: 8.4.3 (/opt/ros/jazzy/share/rmw_fastrtps_cpp/cmake)
-- Found TinyXML2 via Config file: /usr/lib/x86_64-linux-gnu/cmake/tinyxml2
-- Found OpenSSL: /usr/lib/x86_64-linux-gnu/libcrypto.so (found version "3.0.13")  
-- Found TinyXML2 via Config file: /usr/lib/x86_64-linux-gnu/cmake/tinyxml2
-- Found FastRTPS: /opt/ros/jazzy/include (Required is at least version "2.13") 
-- Found TinyXML2 via Config file: /usr/lib/x86_64-linux-gnu/cmake/tinyxml2
-- Found TinyXML2 via Config file: /usr/lib/x86_64-linux-gnu/cmake/tinyxml2
-- Using RMW implementation 'rmw_fastrtps_cpp' as default
-- Found ament_lint_auto: 0.17.3 (/opt/ros/jazzy/share/ament_lint_auto/cmake)
-- Added test 'copyright' to check source files copyright and LICENSE
-- Added test 'cppcheck' to perform static code analysis on C / C++ code
-- Configured cppcheck include dirs: /workspaces/jazzy_docker/new_pcb_robot/src/pan_tilt_hardware/include
-- Configured cppcheck exclude dirs and/or files: 
-- Added test 'cpplint' to check C / C++ code against the Google style
-- Configured cpplint exclude dirs and/or files: 
-- Added test 'flake8' to check Python code syntax and style conventions
-- Configured 'flake8' exclude dirs and/or files: 
-- Added test 'lint_cmake' to check CMake code style
-- Added test 'pep257' to check Python code against some of the docstring style conventions in PEP 257
-- Added test 'uncrustify' to check C / C++ code style
-- Configured uncrustify additional arguments: 
-- Added test 'xmllint' to check XML markup files
-- Configuring done (3.7s)
-- Generating done (0.0s)
-- Build files have been written to: /workspaces/jazzy_docker/new_pcb_robot/build/pan_tilt_hardware
[ 50%] [32mBuilding CXX object CMakeFiles/pan_tilt_hardware.dir/src/pan_tilt_hardware.cpp.o[0m
[100%] [32m[1mLinking CXX shared library libpan_tilt_hardware.so[0m
[100%] Built target pan_tilt_hardware
-- Install configuration: ""
-- Execute custom install script
-- Symlinking: /workspaces/jazzy_docker/new_pcb_robot/install/pan_tilt_hardware/share/pan_tilt_hardware//pan_tilt_hardware.xml
-- Symlinking: /workspaces/jazzy_docker/new_pcb_robot/install/pan_tilt_hardware/lib/libpan_tilt_hardware.so
-- Symlinking: /workspaces/jazzy_docker/new_pcb_robot/install/pan_tilt_hardware/include/pan_tilt_hardware/pan_tilt_hardware.hpp
-- Symlinking: /workspaces/jazzy_docker/new_pcb_robot/install/pan_tilt_hardware/share/pan_tilt_hardware/launch/pan_tilt_control.launch.py
-- Symlinking: /workspaces/jazzy_docker/new_pcb_robot/install/pan_tilt_hardware/share/pan_tilt_hardware/launch/pan_tilt_hardware_only.launch.py
-- Symlinking: /workspaces/jazzy_docker/new_pcb_robot/install/pan_tilt_hardware/share/pan_tilt_hardware/config/pan_tilt_controllers.yaml
-- Symlinking: /workspaces/jazzy_docker/new_pcb_robot/install/pan_tilt_hardware/share/pan_tilt_hardware/urdf/pan_tilt_control.urdf.xacro
-- Symlinking: /workspaces/jazzy_docker/new_pcb_robot/install/pan_tilt_hardware/share/pan_tilt_hardware/urdf/pan_tilt_hardware_only.xacro
-- Symlinking: /workspaces/jazzy_docker/new_pcb_robot/install/pan_tilt_hardware/share/pan_tilt_hardware/urdf/pan_tilt_standalone_pi.xacro
-- Symlinking: /workspaces/jazzy_docker/new_pcb_robot/install/pan_tilt_hardware/share/pan_tilt_hardware/environment/library_path.sh
-- Symlinking: /workspaces/jazzy_docker/new_pcb_robot/install/pan_tilt_hardware/share/pan_tilt_hardware/environment/library_path.dsv
-- Symlinking: /workspaces/jazzy_docker/new_pcb_robot/install/pan_tilt_hardware/share/ament_index/resource_index/package_run_dependencies/pan_tilt_hardware
-- Symlinking: /workspaces/jazzy_docker/new_pcb_robot/install/pan_tilt_hardware/share/ament_index/resource_index/parent_prefix_path/pan_tilt_hardware
-- Symlinking: /workspaces/jazzy_docker/new_pcb_robot/install/pan_tilt_hardware/share/pan_tilt_hardware/environment/ament_prefix_path.sh
-- Symlinking: /workspaces/jazzy_docker/new_pcb_robot/install/pan_tilt_hardware/share/pan_tilt_hardware/environment/ament_prefix_path.dsv
-- Symlinking: /workspaces/jazzy_docker/new_pcb_robot/install/pan_tilt_hardware/share/pan_tilt_hardware/environment/path.sh
-- Symlinking: /workspaces/jazzy_docker/new_pcb_robot/install/pan_tilt_hardware/share/pan_tilt_hardware/environment/path.dsv
-- Symlinking: /workspaces/jazzy_docker/new_pcb_robot/install/pan_tilt_hardware/share/pan_tilt_hardware/local_setup.bash
-- Symlinking: /workspaces/jazzy_docker/new_pcb_robot/install/pan_tilt_hardware/share/pan_tilt_hardware/local_setup.sh
-- Symlinking: /workspaces/jazzy_docker/new_pcb_robot/install/pan_tilt_hardware/share/pan_tilt_hardware/local_setup.zsh
-- Symlinking: /workspaces/jazzy_docker/new_pcb_robot/install/pan_tilt_hardware/share/pan_tilt_hardware/local_setup.dsv
-- Symlinking: /workspaces/jazzy_docker/new_pcb_robot/install/pan_tilt_hardware/share/pan_tilt_hardware/package.dsv
-- Symlinking: /workspaces/jazzy_docker/new_pcb_robot/install/pan_tilt_hardware/share/ament_index/resource_index/packages/pan_tilt_hardware
-- Symlinking: /workspaces/jazzy_docker/new_pcb_robot/install/pan_tilt_hardware/share/ament_index/resource_index/hardware_interface__pluginlib__plugin/pan_tilt_hardware
-- Symlinking: /workspaces/jazzy_docker/new_pcb_robot/install/pan_tilt_hardware/share/pan_tilt_hardware/cmake/ament_cmake_export_include_directories-extras.cmake
-- Symlinking: /workspaces/jazzy_docker/new_pcb_robot/install/pan_tilt_hardware/share/pan_tilt_hardware/cmake/ament_cmake_export_libraries-extras.cmake
-- Symlinking: /workspaces/jazzy_docker/new_pcb_robot/install/pan_tilt_hardware/share/pan_tilt_hardware/cmake/ament_cmake_export_dependencies-extras.cmake
-- Symlinking: /workspaces/jazzy_docker/new_pcb_robot/install/pan_tilt_hardware/share/pan_tilt_hardware/cmake/pan_tilt_hardwareConfig.cmake
-- Symlinking: /workspaces/jazzy_docker/new_pcb_robot/install/pan_tilt_hardware/share/pan_tilt_hardware/cmake/pan_tilt_hardwareConfig-version.cmake
-- Symlinking: /workspaces/jazzy_docker/new_pcb_robot/install/pan_tilt_hardware/share/pan_tilt_hardware/package.xml
