[2.598s] Invoking command in '/workspaces/jazzy_docker/new_pcb_robot/build/pan_tilt_description': PYTHONPATH=/workspaces/jazzy_docker/new_pcb_robot/build/pan_tilt_description/prefix_override:/usr/lib/python3/dist-packages/colcon_core/task/python/colcon_distutils_commands:/workspaces/jazzy_docker/new_pcb_robot/install/pan_tilt_description/lib/python3.12/site-packages:${PYTHONPATH} /usr/bin/python3 -W ignore:setup.py install is deprecated -W ignore:easy_install command is deprecated setup.py develop --editable --build-directory /workspaces/jazzy_docker/new_pcb_robot/build/pan_tilt_description/build --no-deps symlink_data
[2.923s] running develop
[3.141s] running egg_info
[3.142s] creating pan_tilt_description.egg-info
[3.160s] writing pan_tilt_description.egg-info/PKG-INFO
[3.160s] writing dependency_links to pan_tilt_description.egg-info/dependency_links.txt
[3.160s] writing entry points to pan_tilt_description.egg-info/entry_points.txt
[3.160s] writing requirements to pan_tilt_description.egg-info/requires.txt
[3.160s] writing top-level names to pan_tilt_description.egg-info/top_level.txt
[3.161s] writing manifest file 'pan_tilt_description.egg-info/SOURCES.txt'
[3.209s] reading manifest file 'pan_tilt_description.egg-info/SOURCES.txt'
[3.210s] writing manifest file 'pan_tilt_description.egg-info/SOURCES.txt'
[3.230s] running build_ext
[3.230s] Creating /workspaces/jazzy_docker/new_pcb_robot/install/pan_tilt_description/lib/python3.12/site-packages/pan-tilt-description.egg-link (link to .)
[3.231s] Installing pan_tilt_teleop script to /workspaces/jazzy_docker/new_pcb_robot/install/pan_tilt_description/lib/pan_tilt_description
[3.231s] 
[3.232s] Installed /workspaces/jazzy_docker/new_pcb_robot/build/pan_tilt_description
[3.232s] running symlink_data
[3.232s] creating /workspaces/jazzy_docker/new_pcb_robot/install/pan_tilt_description/share/ament_index
[3.232s] creating /workspaces/jazzy_docker/new_pcb_robot/install/pan_tilt_description/share/ament_index/resource_index
[3.232s] creating /workspaces/jazzy_docker/new_pcb_robot/install/pan_tilt_description/share/ament_index/resource_index/packages
[3.232s] symbolically linking /workspaces/jazzy_docker/new_pcb_robot/build/pan_tilt_description/resource/pan_tilt_description -> /workspaces/jazzy_docker/new_pcb_robot/install/pan_tilt_description/share/ament_index/resource_index/packages
[3.232s] symbolically linking /workspaces/jazzy_docker/new_pcb_robot/build/pan_tilt_description/package.xml -> /workspaces/jazzy_docker/new_pcb_robot/install/pan_tilt_description/share/pan_tilt_description
[3.232s] creating /workspaces/jazzy_docker/new_pcb_robot/install/pan_tilt_description/share/pan_tilt_description/launch
[3.232s] symbolically linking /workspaces/jazzy_docker/new_pcb_robot/build/pan_tilt_description/launch/pan_tilt_gazebo.launch.py -> /workspaces/jazzy_docker/new_pcb_robot/install/pan_tilt_description/share/pan_tilt_description/launch
[3.233s] symbolically linking /workspaces/jazzy_docker/new_pcb_robot/build/pan_tilt_description/launch/pan_tilt.joy.launch.py -> /workspaces/jazzy_docker/new_pcb_robot/install/pan_tilt_description/share/pan_tilt_description/launch
[3.233s] creating /workspaces/jazzy_docker/new_pcb_robot/install/pan_tilt_description/share/pan_tilt_description/urdf
[3.233s] symbolically linking /workspaces/jazzy_docker/new_pcb_robot/build/pan_tilt_description/urdf/ros2_control_gazebo.xacro -> /workspaces/jazzy_docker/new_pcb_robot/install/pan_tilt_description/share/pan_tilt_description/urdf
[3.233s] symbolically linking /workspaces/jazzy_docker/new_pcb_robot/build/pan_tilt_description/urdf/ros2_control_pan_tilt.xacro -> /workspaces/jazzy_docker/new_pcb_robot/install/pan_tilt_description/share/pan_tilt_description/urdf
[3.233s] symbolically linking /workspaces/jazzy_docker/new_pcb_robot/build/pan_tilt_description/urdf/pan_tilt_standalone.xacro -> /workspaces/jazzy_docker/new_pcb_robot/install/pan_tilt_description/share/pan_tilt_description/urdf
[3.233s] symbolically linking /workspaces/jazzy_docker/new_pcb_robot/build/pan_tilt_description/urdf/pan_tilt.xacro -> /workspaces/jazzy_docker/new_pcb_robot/install/pan_tilt_description/share/pan_tilt_description/urdf
[3.233s] symbolically linking /workspaces/jazzy_docker/new_pcb_robot/build/pan_tilt_description/urdf/pan_tilt_test.xacro -> /workspaces/jazzy_docker/new_pcb_robot/install/pan_tilt_description/share/pan_tilt_description/urdf
[3.233s] creating /workspaces/jazzy_docker/new_pcb_robot/install/pan_tilt_description/share/pan_tilt_description/config
[3.234s] symbolically linking /workspaces/jazzy_docker/new_pcb_robot/build/pan_tilt_description/config/pan_tilt_controllers.yaml -> /workspaces/jazzy_docker/new_pcb_robot/install/pan_tilt_description/share/pan_tilt_description/config
[3.234s] symbolically linking /workspaces/jazzy_docker/new_pcb_robot/build/pan_tilt_description/config/pan_tilt_teleop.yaml -> /workspaces/jazzy_docker/new_pcb_robot/install/pan_tilt_description/share/pan_tilt_description/config
[3.234s] symbolically linking /workspaces/jazzy_docker/new_pcb_robot/build/pan_tilt_description/config/gaz_ros2_ctl_use_sim.yaml -> /workspaces/jazzy_docker/new_pcb_robot/install/pan_tilt_description/share/pan_tilt_description/config
[3.234s] creating /workspaces/jazzy_docker/new_pcb_robot/install/pan_tilt_description/share/pan_tilt_description/urdf/meshes
[3.234s] creating /workspaces/jazzy_docker/new_pcb_robot/install/pan_tilt_description/share/pan_tilt_description/urdf/meshes/stls
[3.234s] symbolically linking /workspaces/jazzy_docker/new_pcb_robot/build/pan_tilt_description/urdf/meshes/stls/PAN-TILT_BASE_V1_fixed.stl -> /workspaces/jazzy_docker/new_pcb_robot/install/pan_tilt_description/share/pan_tilt_description/urdf/meshes/stls
[3.234s] symbolically linking /workspaces/jazzy_docker/new_pcb_robot/build/pan_tilt_description/urdf/meshes/stls/PAN-TILT_ROTOR_V2_fixed.stl -> /workspaces/jazzy_docker/new_pcb_robot/install/pan_tilt_description/share/pan_tilt_description/urdf/meshes/stls
[3.234s] symbolically linking /workspaces/jazzy_docker/new_pcb_robot/build/pan_tilt_description/urdf/meshes/stls/PAN-TILT_LEG_V2.stl -> /workspaces/jazzy_docker/new_pcb_robot/install/pan_tilt_description/share/pan_tilt_description/urdf/meshes/stls
[3.235s] symbolically linking /workspaces/jazzy_docker/new_pcb_robot/build/pan_tilt_description/urdf/meshes/stls/PAN-TILT_ROTOR_V2.stl -> /workspaces/jazzy_docker/new_pcb_robot/install/pan_tilt_description/share/pan_tilt_description/urdf/meshes/stls
[3.235s] symbolically linking /workspaces/jazzy_docker/new_pcb_robot/build/pan_tilt_description/urdf/meshes/stls/pi_stand_final_v2-Body_v2.stl -> /workspaces/jazzy_docker/new_pcb_robot/install/pan_tilt_description/share/pan_tilt_description/urdf/meshes/stls
[3.235s] symbolically linking /workspaces/jazzy_docker/new_pcb_robot/build/pan_tilt_description/urdf/meshes/stls/PAN-TILT_LEG_V2_fixed.stl -> /workspaces/jazzy_docker/new_pcb_robot/install/pan_tilt_description/share/pan_tilt_description/urdf/meshes/stls
[3.235s] symbolically linking /workspaces/jazzy_docker/new_pcb_robot/build/pan_tilt_description/urdf/meshes/stls/pi_stand_final_v2-Body_v2_fixed.stl -> /workspaces/jazzy_docker/new_pcb_robot/install/pan_tilt_description/share/pan_tilt_description/urdf/meshes/stls
[3.235s] symbolically linking /workspaces/jazzy_docker/new_pcb_robot/build/pan_tilt_description/urdf/meshes/stls/PAN-TILT_BASE_V1.stl -> /workspaces/jazzy_docker/new_pcb_robot/install/pan_tilt_description/share/pan_tilt_description/urdf/meshes/stls
[3.235s] symbolically linking /workspaces/jazzy_docker/new_pcb_robot/build/pan_tilt_description/urdf/meshes/stls/PAN-TILT_BASE_V1_fixed.dae -> /workspaces/jazzy_docker/new_pcb_robot/install/pan_tilt_description/share/pan_tilt_description/urdf/meshes/stls
[3.319s] Invoked command in '/workspaces/jazzy_docker/new_pcb_robot/build/pan_tilt_description' returned '0': PYTHONPATH=/workspaces/jazzy_docker/new_pcb_robot/build/pan_tilt_description/prefix_override:/usr/lib/python3/dist-packages/colcon_core/task/python/colcon_distutils_commands:/workspaces/jazzy_docker/new_pcb_robot/install/pan_tilt_description/lib/python3.12/site-packages:${PYTHONPATH} /usr/bin/python3 -W ignore:setup.py install is deprecated -W ignore:easy_install command is deprecated setup.py develop --editable --build-directory /workspaces/jazzy_docker/new_pcb_robot/build/pan_tilt_description/build --no-deps symlink_data
