-- The CXX compiler identification is GNU 13.3.0
-- Detecting CXX compiler ABI info
-- Detecting CXX compiler ABI info - done
-- Check for working CXX compiler: /usr/bin/c++ - skipped
-- Detecting CXX compile features
-- Detecting CXX compile features - done
-- Found ament_cmake: 2.5.4 (/opt/ros/jazzy/share/ament_cmake/cmake)
-- Found Python3: /usr/bin/python3 (found version "3.12.3") found components: Interpreter 
-- Override CMake install command with custom implementation using symlinks instead of copying resources
-- Found hardware_interface: 4.35.0 (/opt/ros/jazzy/share/hardware_interface/cmake)
-- Found rosidl_generator_c: 4.6.6 (/opt/ros/jazzy/share/rosidl_generator_c/cmake)
-- Found rosidl_generator_cpp: 4.6.6 (/opt/ros/jazzy/share/rosidl_generator_cpp/cmake)
-- Using all available rosidl_typesupport_c: rosidl_typesupport_fastrtps_c;rosidl_typesupport_introspection_c
-- Using all available rosidl_typesupport_cpp: rosidl_typesupport_fastrtps_cpp;rosidl_typesupport_introspection_cpp
-- Found TinyXML2 via Config file: /usr/lib/x86_64-linux-gnu/cmake/tinyxml2
-- Found rmw_implementation_cmake: 7.3.2 (/opt/ros/jazzy/share/rmw_implementation_cmake/cmake)
-- Found rmw_fastrtps_cpp: 8.4.3 (/opt/ros/jazzy/share/rmw_fastrtps_cpp/cmake)
-- Found TinyXML2 via Config file: /usr/lib/x86_64-linux-gnu/cmake/tinyxml2
-- Found OpenSSL: /usr/lib/x86_64-linux-gnu/libcrypto.so (found version "3.0.13")  
-- Found TinyXML2 via Config file: /usr/lib/x86_64-linux-gnu/cmake/tinyxml2
-- Found FastRTPS: /opt/ros/jazzy/include (Required is at least version "2.13") 
-- Found TinyXML2 via Config file: /usr/lib/x86_64-linux-gnu/cmake/tinyxml2
-- Found TinyXML2 via Config file: /usr/lib/x86_64-linux-gnu/cmake/tinyxml2
-- Using RMW implementation 'rmw_fastrtps_cpp' as default
-- Found ament_cmake_gtest: 2.5.4 (/opt/ros/jazzy/share/ament_cmake_gtest/cmake)
-- Configuring done (3.9s)
-- Generating done (0.1s)
-- Build files have been written to: /workspaces/jazzy_docker/new_pcb_robot/build/diffdrive_arduino
[ 50%] [32mBuilding CXX object CMakeFiles/diffdrive_arduino.dir/hardware/diffbot_system.cpp.o[0m
[100%] [32m[1mLinking CXX shared library libdiffdrive_arduino.so[0m
[100%] Built target diffdrive_arduino
-- Install configuration: ""
-- Execute custom install script
-- Symlinking: /workspaces/jazzy_docker/new_pcb_robot/install/diffdrive_arduino/share/diffdrive_arduino//diffdrive_arduino.xml
-- Symlinking: /workspaces/jazzy_docker/new_pcb_robot/install/diffdrive_arduino/include/diffdrive_arduino/diffdrive_arduino/arduino_comms.hpp
-- Symlinking: /workspaces/jazzy_docker/new_pcb_robot/install/diffdrive_arduino/include/diffdrive_arduino/diffdrive_arduino/diffbot_system.hpp
-- Symlinking: /workspaces/jazzy_docker/new_pcb_robot/install/diffdrive_arduino/include/diffdrive_arduino/diffdrive_arduino/visibility_control.h
-- Symlinking: /workspaces/jazzy_docker/new_pcb_robot/install/diffdrive_arduino/include/diffdrive_arduino/diffdrive_arduino/wheel.hpp
-- Symlinking: /workspaces/jazzy_docker/new_pcb_robot/install/diffdrive_arduino/share/diffdrive_arduino/launch/view_robot.launch.py
-- Symlinking: /workspaces/jazzy_docker/new_pcb_robot/install/diffdrive_arduino/share/diffdrive_arduino/ros2_control/diffbot.ros2_control.xacro
-- Symlinking: /workspaces/jazzy_docker/new_pcb_robot/install/diffdrive_arduino/share/diffdrive_arduino/urdf/diffbot.materials.xacro
-- Symlinking: /workspaces/jazzy_docker/new_pcb_robot/install/diffdrive_arduino/share/diffdrive_arduino/urdf/diffbot.urdf.xacro
-- Symlinking: /workspaces/jazzy_docker/new_pcb_robot/install/diffdrive_arduino/share/diffdrive_arduino/urdf/diffbot_description.urdf.xacro
-- Symlinking: /workspaces/jazzy_docker/new_pcb_robot/install/diffdrive_arduino/share/diffdrive_arduino/rviz/diffbot.rviz
-- Symlinking: /workspaces/jazzy_docker/new_pcb_robot/install/diffdrive_arduino/share/diffdrive_arduino/rviz/diffbot_view.rviz
-- Symlinking: /workspaces/jazzy_docker/new_pcb_robot/install/diffdrive_arduino/share/diffdrive_arduino/launch/diffbot.launch.py
-- Symlinking: /workspaces/jazzy_docker/new_pcb_robot/install/diffdrive_arduino/share/diffdrive_arduino/config/diffbot_controllers.yaml
-- Symlinking: /workspaces/jazzy_docker/new_pcb_robot/install/diffdrive_arduino/share/diffdrive_arduino/environment/library_path.sh
-- Symlinking: /workspaces/jazzy_docker/new_pcb_robot/install/diffdrive_arduino/share/diffdrive_arduino/environment/library_path.dsv
-- Symlinking: /workspaces/jazzy_docker/new_pcb_robot/install/diffdrive_arduino/share/ament_index/resource_index/package_run_dependencies/diffdrive_arduino
-- Symlinking: /workspaces/jazzy_docker/new_pcb_robot/install/diffdrive_arduino/share/ament_index/resource_index/parent_prefix_path/diffdrive_arduino
-- Symlinking: /workspaces/jazzy_docker/new_pcb_robot/install/diffdrive_arduino/share/diffdrive_arduino/environment/ament_prefix_path.sh
-- Symlinking: /workspaces/jazzy_docker/new_pcb_robot/install/diffdrive_arduino/share/diffdrive_arduino/environment/ament_prefix_path.dsv
-- Symlinking: /workspaces/jazzy_docker/new_pcb_robot/install/diffdrive_arduino/share/diffdrive_arduino/environment/path.sh
-- Symlinking: /workspaces/jazzy_docker/new_pcb_robot/install/diffdrive_arduino/share/diffdrive_arduino/environment/path.dsv
-- Symlinking: /workspaces/jazzy_docker/new_pcb_robot/install/diffdrive_arduino/share/diffdrive_arduino/local_setup.bash
-- Symlinking: /workspaces/jazzy_docker/new_pcb_robot/install/diffdrive_arduino/share/diffdrive_arduino/local_setup.sh
-- Symlinking: /workspaces/jazzy_docker/new_pcb_robot/install/diffdrive_arduino/share/diffdrive_arduino/local_setup.zsh
-- Symlinking: /workspaces/jazzy_docker/new_pcb_robot/install/diffdrive_arduino/share/diffdrive_arduino/local_setup.dsv
-- Symlinking: /workspaces/jazzy_docker/new_pcb_robot/install/diffdrive_arduino/share/diffdrive_arduino/package.dsv
-- Symlinking: /workspaces/jazzy_docker/new_pcb_robot/install/diffdrive_arduino/share/ament_index/resource_index/packages/diffdrive_arduino
-- Symlinking: /workspaces/jazzy_docker/new_pcb_robot/install/diffdrive_arduino/share/ament_index/resource_index/hardware_interface__pluginlib__plugin/diffdrive_arduino
-- Symlinking: /workspaces/jazzy_docker/new_pcb_robot/install/diffdrive_arduino/share/diffdrive_arduino/cmake/ament_cmake_export_targets-extras.cmake
-- Symlinking: /workspaces/jazzy_docker/new_pcb_robot/install/diffdrive_arduino/share/diffdrive_arduino/cmake/ament_cmake_export_dependencies-extras.cmake
-- Symlinking: /workspaces/jazzy_docker/new_pcb_robot/install/diffdrive_arduino/share/diffdrive_arduino/cmake/diffdrive_arduinoConfig.cmake
-- Symlinking: /workspaces/jazzy_docker/new_pcb_robot/install/diffdrive_arduino/share/diffdrive_arduino/cmake/diffdrive_arduinoConfig-version.cmake
-- Symlinking: /workspaces/jazzy_docker/new_pcb_robot/install/diffdrive_arduino/share/diffdrive_arduino/package.xml
-- Installing: /workspaces/jazzy_docker/new_pcb_robot/install/diffdrive_arduino/lib/libdiffdrive_arduino.so
-- Set non-toolchain portion of runtime path of "/workspaces/jazzy_docker/new_pcb_robot/install/diffdrive_arduino/lib/libdiffdrive_arduino.so" to ""
-- Installing: /workspaces/jazzy_docker/new_pcb_robot/install/diffdrive_arduino/share/diffdrive_arduino/cmake/export_diffdrive_arduinoExport.cmake
-- Installing: /workspaces/jazzy_docker/new_pcb_robot/install/diffdrive_arduino/share/diffdrive_arduino/cmake/export_diffdrive_arduinoExport-noconfig.cmake
