-- The C compiler identification is GNU 13.3.0
-- The CXX compiler identification is GNU 13.3.0
-- Detecting C compiler ABI info
-- Detecting C compiler ABI info - done
-- Check for working C compiler: /usr/bin/cc - skipped
-- Detecting C compile features
-- Detecting C compile features - done
-- Detecting CXX compiler ABI info
-- Detecting CXX compiler ABI info - done
-- Check for working CXX compiler: /usr/bin/c++ - skipped
-- Detecting CXX compile features
-- Detecting CXX compile features - done
-- Found ament_cmake: 2.5.4 (/opt/ros/jazzy/share/ament_cmake/cmake)
-- Found Python3: /usr/bin/python3 (found version "3.12.3") found components: Interpreter 
-- Override CMake install command with custom implementation using symlinks instead of copying resources
-- Found rclpy: 7.1.5 (/opt/ros/jazzy/share/rclpy/cmake)
-- Found tf2_ros: 0.36.14 (/opt/ros/jazzy/share/tf2_ros/cmake)
-- Found rosidl_generator_c: 4.6.6 (/opt/ros/jazzy/share/rosidl_generator_c/cmake)
-- Found rosidl_generator_cpp: 4.6.6 (/opt/ros/jazzy/share/rosidl_generator_cpp/cmake)
-- Using all available rosidl_typesupport_c: rosidl_typesupport_fastrtps_c;rosidl_typesupport_introspection_c
-- Using all available rosidl_typesupport_cpp: rosidl_typesupport_fastrtps_cpp;rosidl_typesupport_introspection_cpp
-- Found rmw_implementation_cmake: 7.3.2 (/opt/ros/jazzy/share/rmw_implementation_cmake/cmake)
-- Found rmw_fastrtps_cpp: 8.4.3 (/opt/ros/jazzy/share/rmw_fastrtps_cpp/cmake)
-- Found OpenSSL: /usr/lib/x86_64-linux-gnu/libcrypto.so (found version "3.0.13")  
-- Found FastRTPS: /opt/ros/jazzy/include (Required is at least version "2.13") 
-- Using RMW implementation 'rmw_fastrtps_cpp' as default
-- Found tf2_geometry_msgs: 0.36.14 (/opt/ros/jazzy/share/tf2_geometry_msgs/cmake)
-- Found eigen3_cmake_module: 0.3.0 (/opt/ros/jazzy/share/eigen3_cmake_module/cmake)
-- Found Eigen3: TRUE (found version "3.4.0") 
-- Ensuring Eigen3 include directory is part of orocos-kdl CMake target
-- Found ament_lint_auto: 0.17.3 (/opt/ros/jazzy/share/ament_lint_auto/cmake)
-- Added test 'copyright' to check source files copyright and LICENSE
-- Added test 'flake8' to check Python code syntax and style conventions
-- Configured 'flake8' exclude dirs and/or files: 
-- Added test 'lint_cmake' to check CMake code style
-- Added test 'pep257' to check Python code against some of the docstring style conventions in PEP 257
-- Added test 'xmllint' to check XML markup files
-- Configuring done (3.9s)
-- Generating done (0.0s)
-- Build files have been written to: /workspaces/jazzy_docker/new_pcb_robot/build/autonomous_robot
Built target ament_cmake_python_symlink_autonomous_robot
running egg_info
creating autonomous_robot.egg-info
writing autonomous_robot.egg-info/PKG-INFO
writing dependency_links to autonomous_robot.egg-info/dependency_links.txt
writing top-level names to autonomous_robot.egg-info/top_level.txt
writing manifest file 'autonomous_robot.egg-info/SOURCES.txt'
reading manifest file 'autonomous_robot.egg-info/SOURCES.txt'
writing manifest file 'autonomous_robot.egg-info/SOURCES.txt'
Built target ament_cmake_python_build_autonomous_robot_egg
-- Install configuration: ""
-- Execute custom install script
-- Symlinking: /workspaces/jazzy_docker/new_pcb_robot/install/autonomous_robot/share/autonomous_robot/environment/pythonpath.sh
-- Symlinking: /workspaces/jazzy_docker/new_pcb_robot/install/autonomous_robot/share/autonomous_robot/environment/pythonpath.dsv
-- Symlinking: /workspaces/jazzy_docker/new_pcb_robot/install/autonomous_robot/lib/python3.12/site-packages/autonomous_robot-0.0.0-py3.12.egg-info/PKG-INFO
-- Symlinking: /workspaces/jazzy_docker/new_pcb_robot/install/autonomous_robot/lib/python3.12/site-packages/autonomous_robot-0.0.0-py3.12.egg-info/SOURCES.txt
-- Symlinking: /workspaces/jazzy_docker/new_pcb_robot/install/autonomous_robot/lib/python3.12/site-packages/autonomous_robot-0.0.0-py3.12.egg-info/dependency_links.txt
-- Symlinking: /workspaces/jazzy_docker/new_pcb_robot/install/autonomous_robot/lib/python3.12/site-packages/autonomous_robot-0.0.0-py3.12.egg-info/top_level.txt
-- Symlinking: /workspaces/jazzy_docker/new_pcb_robot/install/autonomous_robot/lib/python3.12/site-packages/autonomous_robot/__init__.py
-- Symlinking: /workspaces/jazzy_docker/new_pcb_robot/install/autonomous_robot/lib/python3.12/site-packages/autonomous_robot/camera_to_ee.py
-- Symlinking: /workspaces/jazzy_docker/new_pcb_robot/install/autonomous_robot/lib/python3.12/site-packages/autonomous_robot/camera_to_ee_pickup.py
-- Symlinking: /workspaces/jazzy_docker/new_pcb_robot/install/autonomous_robot/lib/python3.12/site-packages/autonomous_robot/joint_state_merger.py
-- Symlinking: /workspaces/jazzy_docker/new_pcb_robot/install/autonomous_robot/lib/autonomous_robot/camera_to_ee.py
-- Symlinking: /workspaces/jazzy_docker/new_pcb_robot/install/autonomous_robot/lib/autonomous_robot/camera_to_ee_pickup.py
-- Symlinking: /workspaces/jazzy_docker/new_pcb_robot/install/autonomous_robot/lib/autonomous_robot/joint_state_merger.py
-- Symlinking: /workspaces/jazzy_docker/new_pcb_robot/install/autonomous_robot/share/autonomous_robot/config/ball_tracker_params_robot.yaml
-- Symlinking: /workspaces/jazzy_docker/new_pcb_robot/install/autonomous_robot/share/autonomous_robot/config/ball_tracker_params_sim.yaml
-- Symlinking: /workspaces/jazzy_docker/new_pcb_robot/install/autonomous_robot/share/autonomous_robot/config/drive_bot.rviz
-- Symlinking: /workspaces/jazzy_docker/new_pcb_robot/install/autonomous_robot/share/autonomous_robot/config/empty.yaml
-- Symlinking: /workspaces/jazzy_docker/new_pcb_robot/install/autonomous_robot/share/autonomous_robot/config/gaz_ros2_ctl_use_sim.yaml
-- Symlinking: /workspaces/jazzy_docker/new_pcb_robot/install/autonomous_robot/share/autonomous_robot/config/gz_bridge.yaml
-- Symlinking: /workspaces/jazzy_docker/new_pcb_robot/install/autonomous_robot/share/autonomous_robot/config/ik_vertical_angle.yaml
-- Symlinking: /workspaces/jazzy_docker/new_pcb_robot/install/autonomous_robot/share/autonomous_robot/config/joystick.yaml
-- Symlinking: /workspaces/jazzy_docker/new_pcb_robot/install/autonomous_robot/share/autonomous_robot/config/main.rviz
-- Symlinking: /workspaces/jazzy_docker/new_pcb_robot/install/autonomous_robot/share/autonomous_robot/config/map.rviz
-- Symlinking: /workspaces/jazzy_docker/new_pcb_robot/install/autonomous_robot/share/autonomous_robot/config/map_stuff/my_map_save.pgm
-- Symlinking: /workspaces/jazzy_docker/new_pcb_robot/install/autonomous_robot/share/autonomous_robot/config/map_stuff/my_map_save.yaml
-- Symlinking: /workspaces/jazzy_docker/new_pcb_robot/install/autonomous_robot/share/autonomous_robot/config/map_stuff/my_map_serial.data
-- Symlinking: /workspaces/jazzy_docker/new_pcb_robot/install/autonomous_robot/share/autonomous_robot/config/map_stuff/my_map_serial.posegraph
-- Symlinking: /workspaces/jazzy_docker/new_pcb_robot/install/autonomous_robot/share/autonomous_robot/config/mapper_params_localization.yaml
-- Symlinking: /workspaces/jazzy_docker/new_pcb_robot/install/autonomous_robot/share/autonomous_robot/config/mapper_params_online_async.yaml
-- Symlinking: /workspaces/jazzy_docker/new_pcb_robot/install/autonomous_robot/share/autonomous_robot/config/mini_pc_controllers.yaml
-- Symlinking: /workspaces/jazzy_docker/new_pcb_robot/install/autonomous_robot/share/autonomous_robot/config/my_controllers.yaml
-- Symlinking: /workspaces/jazzy_docker/new_pcb_robot/install/autonomous_robot/share/autonomous_robot/config/nav2_params.yaml
-- Symlinking: /workspaces/jazzy_docker/new_pcb_robot/install/autonomous_robot/share/autonomous_robot/config/pan_tilt_view.rviz
-- Symlinking: /workspaces/jazzy_docker/new_pcb_robot/install/autonomous_robot/share/autonomous_robot/config/twist_mux.yaml
-- Symlinking: /workspaces/jazzy_docker/new_pcb_robot/install/autonomous_robot/share/autonomous_robot/config/view_bot.rviz
-- Symlinking: /workspaces/jazzy_docker/new_pcb_robot/install/autonomous_robot/share/autonomous_robot/config/xarm_controllers.yaml
-- Symlinking: /workspaces/jazzy_docker/new_pcb_robot/install/autonomous_robot/share/autonomous_robot/description/camera.xacro
-- Symlinking: /workspaces/jazzy_docker/new_pcb_robot/install/autonomous_robot/share/autonomous_robot/description/depth_camera.xacro
-- Symlinking: /workspaces/jazzy_docker/new_pcb_robot/install/autonomous_robot/share/autonomous_robot/description/face.xacro
-- Symlinking: /workspaces/jazzy_docker/new_pcb_robot/install/autonomous_robot/share/autonomous_robot/description/gazebo_control.xacro
-- Symlinking: /workspaces/jazzy_docker/new_pcb_robot/install/autonomous_robot/share/autonomous_robot/description/inertial_macros.xacro
-- Symlinking: /workspaces/jazzy_docker/new_pcb_robot/install/autonomous_robot/share/autonomous_robot/description/lidar.xacro
-- Symlinking: /workspaces/jazzy_docker/new_pcb_robot/install/autonomous_robot/share/autonomous_robot/description/pan_tilt_xacros/pan_tilt_test.xacro
-- Symlinking: /workspaces/jazzy_docker/new_pcb_robot/install/autonomous_robot/share/autonomous_robot/description/pan_tilt_xacros/robot_pan_tilt.xacro
-- Symlinking: /workspaces/jazzy_docker/new_pcb_robot/install/autonomous_robot/share/autonomous_robot/description/robot.urdf.xacro
-- Symlinking: /workspaces/jazzy_docker/new_pcb_robot/install/autonomous_robot/share/autonomous_robot/description/robot_core.xacro
-- Symlinking: /workspaces/jazzy_docker/new_pcb_robot/install/autonomous_robot/share/autonomous_robot/description/robot_dimensions.xacro
-- Symlinking: /workspaces/jazzy_docker/new_pcb_robot/install/autonomous_robot/share/autonomous_robot/description/robot_gardener_core.xacro
-- Symlinking: /workspaces/jazzy_docker/new_pcb_robot/install/autonomous_robot/share/autonomous_robot/description/ros2_control.xacro
-- Symlinking: /workspaces/jazzy_docker/new_pcb_robot/install/autonomous_robot/share/autonomous_robot/description/ros2_control_params.xacro
-- Symlinking: /workspaces/jazzy_docker/new_pcb_robot/install/autonomous_robot/share/autonomous_robot/description/xarm_xacros/ros2_control.arm.xacro
-- Symlinking: /workspaces/jazzy_docker/new_pcb_robot/install/autonomous_robot/share/autonomous_robot/description/xarm_xacros/xarm.xacro
-- Symlinking: /workspaces/jazzy_docker/new_pcb_robot/install/autonomous_robot/share/autonomous_robot/launch/ball_tracker.launch.py
-- Symlinking: /workspaces/jazzy_docker/new_pcb_robot/install/autonomous_robot/share/autonomous_robot/launch/camera.launch.py
-- Symlinking: /workspaces/jazzy_docker/new_pcb_robot/install/autonomous_robot/share/autonomous_robot/launch/joystick.launch.py
-- Symlinking: /workspaces/jazzy_docker/new_pcb_robot/install/autonomous_robot/share/autonomous_robot/launch/launch_robot.launch.py
-- Symlinking: /workspaces/jazzy_docker/new_pcb_robot/install/autonomous_robot/share/autonomous_robot/launch/launch_sim.launch.py
-- Symlinking: /workspaces/jazzy_docker/new_pcb_robot/install/autonomous_robot/share/autonomous_robot/launch/localization_launch.py
-- Symlinking: /workspaces/jazzy_docker/new_pcb_robot/install/autonomous_robot/share/autonomous_robot/launch/map_with_lifecycle.launch.py
-- Symlinking: /workspaces/jazzy_docker/new_pcb_robot/install/autonomous_robot/share/autonomous_robot/launch/merge_joint_states.launch.py
-- Symlinking: /workspaces/jazzy_docker/new_pcb_robot/install/autonomous_robot/share/autonomous_robot/launch/mini_pc.launch.py
-- Symlinking: /workspaces/jazzy_docker/new_pcb_robot/install/autonomous_robot/share/autonomous_robot/launch/navigation_launch.py
-- Symlinking: /workspaces/jazzy_docker/new_pcb_robot/install/autonomous_robot/share/autonomous_robot/launch/online_async_launch.py
-- Symlinking: /workspaces/jazzy_docker/new_pcb_robot/install/autonomous_robot/share/autonomous_robot/launch/pan_tilt_view.launch.py
-- Symlinking: /workspaces/jazzy_docker/new_pcb_robot/install/autonomous_robot/share/autonomous_robot/launch/pi.launch.py
-- Symlinking: /workspaces/jazzy_docker/new_pcb_robot/install/autonomous_robot/share/autonomous_robot/launch/post_mini_pc.launch.py
-- Symlinking: /workspaces/jazzy_docker/new_pcb_robot/install/autonomous_robot/share/autonomous_robot/launch/rplidar.launch.py
-- Symlinking: /workspaces/jazzy_docker/new_pcb_robot/install/autonomous_robot/share/autonomous_robot/launch/rsp.launch.py
-- Symlinking: /workspaces/jazzy_docker/new_pcb_robot/install/autonomous_robot/share/autonomous_robot/worlds/empty.sdf
-- Symlinking: /workspaces/jazzy_docker/new_pcb_robot/install/autonomous_robot/share/autonomous_robot/worlds/empty.world
-- Symlinking: /workspaces/jazzy_docker/new_pcb_robot/install/autonomous_robot/share/autonomous_robot/worlds/my_rviz.rviz
-- Symlinking: /workspaces/jazzy_docker/new_pcb_robot/install/autonomous_robot/share/autonomous_robot/worlds/obstacles.world
-- Symlinking: /workspaces/jazzy_docker/new_pcb_robot/install/autonomous_robot/share/ament_index/resource_index/package_run_dependencies/autonomous_robot
-- Symlinking: /workspaces/jazzy_docker/new_pcb_robot/install/autonomous_robot/share/ament_index/resource_index/parent_prefix_path/autonomous_robot
-- Symlinking: /workspaces/jazzy_docker/new_pcb_robot/install/autonomous_robot/share/autonomous_robot/environment/ament_prefix_path.sh
-- Symlinking: /workspaces/jazzy_docker/new_pcb_robot/install/autonomous_robot/share/autonomous_robot/environment/ament_prefix_path.dsv
-- Symlinking: /workspaces/jazzy_docker/new_pcb_robot/install/autonomous_robot/share/autonomous_robot/environment/path.sh
-- Symlinking: /workspaces/jazzy_docker/new_pcb_robot/install/autonomous_robot/share/autonomous_robot/environment/path.dsv
-- Symlinking: /workspaces/jazzy_docker/new_pcb_robot/install/autonomous_robot/share/autonomous_robot/local_setup.bash
-- Symlinking: /workspaces/jazzy_docker/new_pcb_robot/install/autonomous_robot/share/autonomous_robot/local_setup.sh
-- Symlinking: /workspaces/jazzy_docker/new_pcb_robot/install/autonomous_robot/share/autonomous_robot/local_setup.zsh
-- Symlinking: /workspaces/jazzy_docker/new_pcb_robot/install/autonomous_robot/share/autonomous_robot/local_setup.dsv
-- Symlinking: /workspaces/jazzy_docker/new_pcb_robot/install/autonomous_robot/share/autonomous_robot/package.dsv
-- Symlinking: /workspaces/jazzy_docker/new_pcb_robot/install/autonomous_robot/share/ament_index/resource_index/packages/autonomous_robot
-- Symlinking: /workspaces/jazzy_docker/new_pcb_robot/install/autonomous_robot/share/autonomous_robot/cmake/autonomous_robotConfig.cmake
-- Symlinking: /workspaces/jazzy_docker/new_pcb_robot/install/autonomous_robot/share/autonomous_robot/cmake/autonomous_robotConfig-version.cmake
-- Symlinking: /workspaces/jazzy_docker/new_pcb_robot/install/autonomous_robot/share/autonomous_robot/package.xml
Listing '/workspaces/jazzy_docker/new_pcb_robot/install/autonomous_robot/lib/python3.12/site-packages/autonomous_robot'...
Compiling '/workspaces/jazzy_docker/new_pcb_robot/install/autonomous_robot/lib/python3.12/site-packages/autonomous_robot/__init__.py'...
Compiling '/workspaces/jazzy_docker/new_pcb_robot/install/autonomous_robot/lib/python3.12/site-packages/autonomous_robot/camera_to_ee.py'...
Compiling '/workspaces/jazzy_docker/new_pcb_robot/install/autonomous_robot/lib/python3.12/site-packages/autonomous_robot/camera_to_ee_pickup.py'...
Compiling '/workspaces/jazzy_docker/new_pcb_robot/install/autonomous_robot/lib/python3.12/site-packages/autonomous_robot/joint_state_merger.py'...
