[0.075s] Invoking command in '/workspaces/jazzy_docker/new_pcb_robot/build/autonomous_robot': CMAKE_PREFIX_PATH=${CMAKE_PREFIX_PATH}:/opt/ros/jazzy /usr/bin/cmake /workspaces/jazzy_docker/new_pcb_robot/src/autonomous_robot -DAMENT_CMAKE_SYMLINK_INSTALL=1 -DCMAKE_INSTALL_PREFIX=/workspaces/jazzy_docker/new_pcb_robot/install/autonomous_robot
[0.544s] -- The C compiler identification is GNU 13.3.0
[0.616s] -- The CXX compiler identification is GNU 13.3.0
[0.646s] -- Detecting C compiler ABI info
[0.793s] -- Detecting C compiler ABI info - done
[0.803s] -- Check for working C compiler: /usr/bin/cc - skipped
[0.803s] -- Detecting C compile features
[0.804s] -- Detecting C compile features - done
[0.816s] -- Detecting CXX compiler ABI info
[0.952s] -- Detecting CXX compiler ABI info - done
[0.965s] -- Check for working CXX compiler: /usr/bin/c++ - skipped
[0.965s] -- Detecting CXX compile features
[0.966s] -- Detecting CXX compile features - done
[0.975s] -- Found ament_cmake: 2.5.4 (/opt/ros/jazzy/share/ament_cmake/cmake)
[1.172s] -- Found Python3: /usr/bin/python3 (found version "3.12.3") found components: Interpreter 
[1.265s] -- Override CMake install command with custom implementation using symlinks instead of copying resources
[1.510s] -- Found rclpy: 7.1.5 (/opt/ros/jazzy/share/rclpy/cmake)
[1.524s] -- Found tf2_ros: 0.36.14 (/opt/ros/jazzy/share/tf2_ros/cmake)
[1.780s] -- Found rosidl_generator_c: 4.6.6 (/opt/ros/jazzy/share/rosidl_generator_c/cmake)
[1.844s] -- Found rosidl_generator_cpp: 4.6.6 (/opt/ros/jazzy/share/rosidl_generator_cpp/cmake)
[1.943s] -- Using all available rosidl_typesupport_c: rosidl_typesupport_fastrtps_c;rosidl_typesupport_introspection_c
[2.028s] -- Using all available rosidl_typesupport_cpp: rosidl_typesupport_fastrtps_cpp;rosidl_typesupport_introspection_cpp
[2.551s] -- Found rmw_implementation_cmake: 7.3.2 (/opt/ros/jazzy/share/rmw_implementation_cmake/cmake)
[2.575s] -- Found rmw_fastrtps_cpp: 8.4.3 (/opt/ros/jazzy/share/rmw_fastrtps_cpp/cmake)
[2.907s] -- Found OpenSSL: /usr/lib/x86_64-linux-gnu/libcrypto.so (found version "3.0.13")  
[2.945s] -- Found FastRTPS: /opt/ros/jazzy/include (Required is at least version "2.13") 
[2.975s] -- Using RMW implementation 'rmw_fastrtps_cpp' as default
[3.558s] -- Found tf2_geometry_msgs: 0.36.14 (/opt/ros/jazzy/share/tf2_geometry_msgs/cmake)
[3.635s] -- Found eigen3_cmake_module: 0.3.0 (/opt/ros/jazzy/share/eigen3_cmake_module/cmake)
[3.637s] -- Found Eigen3: TRUE (found version "3.4.0") 
[3.637s] -- Ensuring Eigen3 include directory is part of orocos-kdl CMake target
[3.651s] -- Found ament_lint_auto: 0.17.3 (/opt/ros/jazzy/share/ament_lint_auto/cmake)
[3.952s] -- Added test 'copyright' to check source files copyright and LICENSE
[3.971s] -- Added test 'flake8' to check Python code syntax and style conventions
[3.971s] -- Configured 'flake8' exclude dirs and/or files: 
[3.975s] -- Added test 'lint_cmake' to check CMake code style
[3.980s] -- Added test 'pep257' to check Python code against some of the docstring style conventions in PEP 257
[3.990s] -- Added test 'xmllint' to check XML markup files
[3.995s] -- Configuring done (3.9s)
[4.009s] -- Generating done (0.0s)
[4.015s] -- Build files have been written to: /workspaces/jazzy_docker/new_pcb_robot/build/autonomous_robot
[4.034s] Invoked command in '/workspaces/jazzy_docker/new_pcb_robot/build/autonomous_robot' returned '0': CMAKE_PREFIX_PATH=${CMAKE_PREFIX_PATH}:/opt/ros/jazzy /usr/bin/cmake /workspaces/jazzy_docker/new_pcb_robot/src/autonomous_robot -DAMENT_CMAKE_SYMLINK_INSTALL=1 -DCMAKE_INSTALL_PREFIX=/workspaces/jazzy_docker/new_pcb_robot/install/autonomous_robot
[4.036s] Invoking command in '/workspaces/jazzy_docker/new_pcb_robot/build/autonomous_robot': CMAKE_PREFIX_PATH=${CMAKE_PREFIX_PATH}:/opt/ros/jazzy /usr/bin/cmake --build /workspaces/jazzy_docker/new_pcb_robot/build/autonomous_robot -- -j16 -l16
[4.141s] Built target ament_cmake_python_symlink_autonomous_robot
[4.425s] running egg_info
[4.426s] creating autonomous_robot.egg-info
[4.448s] writing autonomous_robot.egg-info/PKG-INFO
[4.449s] writing dependency_links to autonomous_robot.egg-info/dependency_links.txt
[4.449s] writing top-level names to autonomous_robot.egg-info/top_level.txt
[4.449s] writing manifest file 'autonomous_robot.egg-info/SOURCES.txt'
[4.507s] reading manifest file 'autonomous_robot.egg-info/SOURCES.txt'
[4.508s] writing manifest file 'autonomous_robot.egg-info/SOURCES.txt'
[4.568s] Built target ament_cmake_python_build_autonomous_robot_egg
[4.587s] Invoked command in '/workspaces/jazzy_docker/new_pcb_robot/build/autonomous_robot' returned '0': CMAKE_PREFIX_PATH=${CMAKE_PREFIX_PATH}:/opt/ros/jazzy /usr/bin/cmake --build /workspaces/jazzy_docker/new_pcb_robot/build/autonomous_robot -- -j16 -l16
[4.602s] Invoking command in '/workspaces/jazzy_docker/new_pcb_robot/build/autonomous_robot': CMAKE_PREFIX_PATH=${CMAKE_PREFIX_PATH}:/opt/ros/jazzy /usr/bin/cmake --install /workspaces/jazzy_docker/new_pcb_robot/build/autonomous_robot
[4.616s] -- Install configuration: ""
[4.617s] -- Execute custom install script
[4.617s] -- Symlinking: /workspaces/jazzy_docker/new_pcb_robot/install/autonomous_robot/share/autonomous_robot/environment/pythonpath.sh
[4.631s] -- Symlinking: /workspaces/jazzy_docker/new_pcb_robot/install/autonomous_robot/share/autonomous_robot/environment/pythonpath.dsv
[4.650s] -- Symlinking: /workspaces/jazzy_docker/new_pcb_robot/install/autonomous_robot/lib/python3.12/site-packages/autonomous_robot-0.0.0-py3.12.egg-info/PKG-INFO
[4.666s] -- Symlinking: /workspaces/jazzy_docker/new_pcb_robot/install/autonomous_robot/lib/python3.12/site-packages/autonomous_robot-0.0.0-py3.12.egg-info/SOURCES.txt
[4.683s] -- Symlinking: /workspaces/jazzy_docker/new_pcb_robot/install/autonomous_robot/lib/python3.12/site-packages/autonomous_robot-0.0.0-py3.12.egg-info/dependency_links.txt
[4.699s] -- Symlinking: /workspaces/jazzy_docker/new_pcb_robot/install/autonomous_robot/lib/python3.12/site-packages/autonomous_robot-0.0.0-py3.12.egg-info/top_level.txt
[4.714s] -- Symlinking: /workspaces/jazzy_docker/new_pcb_robot/install/autonomous_robot/lib/python3.12/site-packages/autonomous_robot/__init__.py
[4.729s] -- Symlinking: /workspaces/jazzy_docker/new_pcb_robot/install/autonomous_robot/lib/python3.12/site-packages/autonomous_robot/camera_to_ee.py
[4.747s] -- Symlinking: /workspaces/jazzy_docker/new_pcb_robot/install/autonomous_robot/lib/python3.12/site-packages/autonomous_robot/camera_to_ee_pickup.py
[4.762s] -- Symlinking: /workspaces/jazzy_docker/new_pcb_robot/install/autonomous_robot/lib/python3.12/site-packages/autonomous_robot/joint_state_merger.py
[4.780s] -- Symlinking: /workspaces/jazzy_docker/new_pcb_robot/install/autonomous_robot/lib/autonomous_robot/camera_to_ee.py
[4.793s] -- Symlinking: /workspaces/jazzy_docker/new_pcb_robot/install/autonomous_robot/lib/autonomous_robot/camera_to_ee_pickup.py
[4.808s] -- Symlinking: /workspaces/jazzy_docker/new_pcb_robot/install/autonomous_robot/lib/autonomous_robot/joint_state_merger.py
[4.824s] -- Symlinking: /workspaces/jazzy_docker/new_pcb_robot/install/autonomous_robot/share/autonomous_robot/config/ball_tracker_params_robot.yaml
[4.838s] -- Symlinking: /workspaces/jazzy_docker/new_pcb_robot/install/autonomous_robot/share/autonomous_robot/config/ball_tracker_params_sim.yaml
[4.857s] -- Symlinking: /workspaces/jazzy_docker/new_pcb_robot/install/autonomous_robot/share/autonomous_robot/config/drive_bot.rviz
[4.871s] -- Symlinking: /workspaces/jazzy_docker/new_pcb_robot/install/autonomous_robot/share/autonomous_robot/config/empty.yaml
[4.886s] -- Symlinking: /workspaces/jazzy_docker/new_pcb_robot/install/autonomous_robot/share/autonomous_robot/config/gaz_ros2_ctl_use_sim.yaml
[4.901s] -- Symlinking: /workspaces/jazzy_docker/new_pcb_robot/install/autonomous_robot/share/autonomous_robot/config/gz_bridge.yaml
[4.916s] -- Symlinking: /workspaces/jazzy_docker/new_pcb_robot/install/autonomous_robot/share/autonomous_robot/config/ik_vertical_angle.yaml
[4.930s] -- Symlinking: /workspaces/jazzy_docker/new_pcb_robot/install/autonomous_robot/share/autonomous_robot/config/joystick.yaml
[4.953s] -- Symlinking: /workspaces/jazzy_docker/new_pcb_robot/install/autonomous_robot/share/autonomous_robot/config/main.rviz
[4.968s] -- Symlinking: /workspaces/jazzy_docker/new_pcb_robot/install/autonomous_robot/share/autonomous_robot/config/map.rviz
[4.986s] -- Symlinking: /workspaces/jazzy_docker/new_pcb_robot/install/autonomous_robot/share/autonomous_robot/config/map_stuff/my_map_save.pgm
[5.001s] -- Symlinking: /workspaces/jazzy_docker/new_pcb_robot/install/autonomous_robot/share/autonomous_robot/config/map_stuff/my_map_save.yaml
[5.017s] -- Symlinking: /workspaces/jazzy_docker/new_pcb_robot/install/autonomous_robot/share/autonomous_robot/config/map_stuff/my_map_serial.data
[5.031s] -- Symlinking: /workspaces/jazzy_docker/new_pcb_robot/install/autonomous_robot/share/autonomous_robot/config/map_stuff/my_map_serial.posegraph
[5.049s] -- Symlinking: /workspaces/jazzy_docker/new_pcb_robot/install/autonomous_robot/share/autonomous_robot/config/mapper_params_localization.yaml
[5.063s] -- Symlinking: /workspaces/jazzy_docker/new_pcb_robot/install/autonomous_robot/share/autonomous_robot/config/mapper_params_online_async.yaml
[5.079s] -- Symlinking: /workspaces/jazzy_docker/new_pcb_robot/install/autonomous_robot/share/autonomous_robot/config/mini_pc_controllers.yaml
[5.094s] -- Symlinking: /workspaces/jazzy_docker/new_pcb_robot/install/autonomous_robot/share/autonomous_robot/config/my_controllers.yaml
[5.109s] -- Symlinking: /workspaces/jazzy_docker/new_pcb_robot/install/autonomous_robot/share/autonomous_robot/config/nav2_params.yaml
[5.124s] -- Symlinking: /workspaces/jazzy_docker/new_pcb_robot/install/autonomous_robot/share/autonomous_robot/config/pan_tilt_view.rviz
[5.142s] -- Symlinking: /workspaces/jazzy_docker/new_pcb_robot/install/autonomous_robot/share/autonomous_robot/config/twist_mux.yaml
[5.161s] -- Symlinking: /workspaces/jazzy_docker/new_pcb_robot/install/autonomous_robot/share/autonomous_robot/config/view_bot.rviz
[5.177s] -- Symlinking: /workspaces/jazzy_docker/new_pcb_robot/install/autonomous_robot/share/autonomous_robot/config/xarm_controllers.yaml
[5.195s] -- Symlinking: /workspaces/jazzy_docker/new_pcb_robot/install/autonomous_robot/share/autonomous_robot/description/camera.xacro
[5.212s] -- Symlinking: /workspaces/jazzy_docker/new_pcb_robot/install/autonomous_robot/share/autonomous_robot/description/depth_camera.xacro
[5.233s] -- Symlinking: /workspaces/jazzy_docker/new_pcb_robot/install/autonomous_robot/share/autonomous_robot/description/face.xacro
[5.251s] -- Symlinking: /workspaces/jazzy_docker/new_pcb_robot/install/autonomous_robot/share/autonomous_robot/description/gazebo_control.xacro
[5.265s] -- Symlinking: /workspaces/jazzy_docker/new_pcb_robot/install/autonomous_robot/share/autonomous_robot/description/inertial_macros.xacro
[5.285s] -- Symlinking: /workspaces/jazzy_docker/new_pcb_robot/install/autonomous_robot/share/autonomous_robot/description/lidar.xacro
[5.306s] -- Symlinking: /workspaces/jazzy_docker/new_pcb_robot/install/autonomous_robot/share/autonomous_robot/description/pan_tilt_xacros/pan_tilt_test.xacro
[5.323s] -- Symlinking: /workspaces/jazzy_docker/new_pcb_robot/install/autonomous_robot/share/autonomous_robot/description/pan_tilt_xacros/robot_pan_tilt.xacro
[5.341s] -- Symlinking: /workspaces/jazzy_docker/new_pcb_robot/install/autonomous_robot/share/autonomous_robot/description/robot.urdf.xacro
[5.358s] -- Symlinking: /workspaces/jazzy_docker/new_pcb_robot/install/autonomous_robot/share/autonomous_robot/description/robot_core.xacro
[5.375s] -- Symlinking: /workspaces/jazzy_docker/new_pcb_robot/install/autonomous_robot/share/autonomous_robot/description/robot_dimensions.xacro
[5.396s] -- Symlinking: /workspaces/jazzy_docker/new_pcb_robot/install/autonomous_robot/share/autonomous_robot/description/robot_gardener_core.xacro
[5.409s] -- Symlinking: /workspaces/jazzy_docker/new_pcb_robot/install/autonomous_robot/share/autonomous_robot/description/ros2_control.xacro
[5.425s] -- Symlinking: /workspaces/jazzy_docker/new_pcb_robot/install/autonomous_robot/share/autonomous_robot/description/ros2_control_params.xacro
[5.443s] -- Symlinking: /workspaces/jazzy_docker/new_pcb_robot/install/autonomous_robot/share/autonomous_robot/description/xarm_xacros/ros2_control.arm.xacro
[5.459s] -- Symlinking: /workspaces/jazzy_docker/new_pcb_robot/install/autonomous_robot/share/autonomous_robot/description/xarm_xacros/xarm.xacro
[5.475s] -- Symlinking: /workspaces/jazzy_docker/new_pcb_robot/install/autonomous_robot/share/autonomous_robot/launch/ball_tracker.launch.py
[5.488s] -- Symlinking: /workspaces/jazzy_docker/new_pcb_robot/install/autonomous_robot/share/autonomous_robot/launch/camera.launch.py
[5.504s] -- Symlinking: /workspaces/jazzy_docker/new_pcb_robot/install/autonomous_robot/share/autonomous_robot/launch/joystick.launch.py
[5.520s] -- Symlinking: /workspaces/jazzy_docker/new_pcb_robot/install/autonomous_robot/share/autonomous_robot/launch/launch_robot.launch.py
[5.534s] -- Symlinking: /workspaces/jazzy_docker/new_pcb_robot/install/autonomous_robot/share/autonomous_robot/launch/launch_sim.launch.py
[5.553s] -- Symlinking: /workspaces/jazzy_docker/new_pcb_robot/install/autonomous_robot/share/autonomous_robot/launch/localization_launch.py
[5.568s] -- Symlinking: /workspaces/jazzy_docker/new_pcb_robot/install/autonomous_robot/share/autonomous_robot/launch/map_with_lifecycle.launch.py
[5.585s] -- Symlinking: /workspaces/jazzy_docker/new_pcb_robot/install/autonomous_robot/share/autonomous_robot/launch/merge_joint_states.launch.py
[5.601s] -- Symlinking: /workspaces/jazzy_docker/new_pcb_robot/install/autonomous_robot/share/autonomous_robot/launch/mini_pc.launch.py
[5.618s] -- Symlinking: /workspaces/jazzy_docker/new_pcb_robot/install/autonomous_robot/share/autonomous_robot/launch/navigation_launch.py
[5.633s] -- Symlinking: /workspaces/jazzy_docker/new_pcb_robot/install/autonomous_robot/share/autonomous_robot/launch/online_async_launch.py
[5.650s] -- Symlinking: /workspaces/jazzy_docker/new_pcb_robot/install/autonomous_robot/share/autonomous_robot/launch/pan_tilt_view.launch.py
[5.668s] -- Symlinking: /workspaces/jazzy_docker/new_pcb_robot/install/autonomous_robot/share/autonomous_robot/launch/pi.launch.py
[5.684s] -- Symlinking: /workspaces/jazzy_docker/new_pcb_robot/install/autonomous_robot/share/autonomous_robot/launch/post_mini_pc.launch.py
[5.706s] -- Symlinking: /workspaces/jazzy_docker/new_pcb_robot/install/autonomous_robot/share/autonomous_robot/launch/rplidar.launch.py
[5.724s] -- Symlinking: /workspaces/jazzy_docker/new_pcb_robot/install/autonomous_robot/share/autonomous_robot/launch/rsp.launch.py
[5.746s] -- Symlinking: /workspaces/jazzy_docker/new_pcb_robot/install/autonomous_robot/share/autonomous_robot/worlds/empty.sdf
[5.764s] -- Symlinking: /workspaces/jazzy_docker/new_pcb_robot/install/autonomous_robot/share/autonomous_robot/worlds/empty.world
[5.782s] -- Symlinking: /workspaces/jazzy_docker/new_pcb_robot/install/autonomous_robot/share/autonomous_robot/worlds/my_rviz.rviz
[5.798s] -- Symlinking: /workspaces/jazzy_docker/new_pcb_robot/install/autonomous_robot/share/autonomous_robot/worlds/obstacles.world
[5.812s] -- Symlinking: /workspaces/jazzy_docker/new_pcb_robot/install/autonomous_robot/share/ament_index/resource_index/package_run_dependencies/autonomous_robot
[5.829s] -- Symlinking: /workspaces/jazzy_docker/new_pcb_robot/install/autonomous_robot/share/ament_index/resource_index/parent_prefix_path/autonomous_robot
[5.852s] -- Symlinking: /workspaces/jazzy_docker/new_pcb_robot/install/autonomous_robot/share/autonomous_robot/environment/ament_prefix_path.sh
[5.871s] -- Symlinking: /workspaces/jazzy_docker/new_pcb_robot/install/autonomous_robot/share/autonomous_robot/environment/ament_prefix_path.dsv
[5.887s] -- Symlinking: /workspaces/jazzy_docker/new_pcb_robot/install/autonomous_robot/share/autonomous_robot/environment/path.sh
[5.907s] -- Symlinking: /workspaces/jazzy_docker/new_pcb_robot/install/autonomous_robot/share/autonomous_robot/environment/path.dsv
[5.921s] -- Symlinking: /workspaces/jazzy_docker/new_pcb_robot/install/autonomous_robot/share/autonomous_robot/local_setup.bash
[5.941s] -- Symlinking: /workspaces/jazzy_docker/new_pcb_robot/install/autonomous_robot/share/autonomous_robot/local_setup.sh
[5.959s] -- Symlinking: /workspaces/jazzy_docker/new_pcb_robot/install/autonomous_robot/share/autonomous_robot/local_setup.zsh
[5.974s] -- Symlinking: /workspaces/jazzy_docker/new_pcb_robot/install/autonomous_robot/share/autonomous_robot/local_setup.dsv
[5.988s] -- Symlinking: /workspaces/jazzy_docker/new_pcb_robot/install/autonomous_robot/share/autonomous_robot/package.dsv
[6.003s] -- Symlinking: /workspaces/jazzy_docker/new_pcb_robot/install/autonomous_robot/share/ament_index/resource_index/packages/autonomous_robot
[6.019s] -- Symlinking: /workspaces/jazzy_docker/new_pcb_robot/install/autonomous_robot/share/autonomous_robot/cmake/autonomous_robotConfig.cmake
[6.035s] -- Symlinking: /workspaces/jazzy_docker/new_pcb_robot/install/autonomous_robot/share/autonomous_robot/cmake/autonomous_robotConfig-version.cmake
[6.050s] -- Symlinking: /workspaces/jazzy_docker/new_pcb_robot/install/autonomous_robot/share/autonomous_robot/package.xml
[6.109s] Listing '/workspaces/jazzy_docker/new_pcb_robot/install/autonomous_robot/lib/python3.12/site-packages/autonomous_robot'...
[6.109s] Compiling '/workspaces/jazzy_docker/new_pcb_robot/install/autonomous_robot/lib/python3.12/site-packages/autonomous_robot/__init__.py'...
[6.109s] Compiling '/workspaces/jazzy_docker/new_pcb_robot/install/autonomous_robot/lib/python3.12/site-packages/autonomous_robot/camera_to_ee.py'...
[6.110s] Compiling '/workspaces/jazzy_docker/new_pcb_robot/install/autonomous_robot/lib/python3.12/site-packages/autonomous_robot/camera_to_ee_pickup.py'...
[6.110s] Compiling '/workspaces/jazzy_docker/new_pcb_robot/install/autonomous_robot/lib/python3.12/site-packages/autonomous_robot/joint_state_merger.py'...
[6.120s] Invoked command in '/workspaces/jazzy_docker/new_pcb_robot/build/autonomous_robot' returned '0': CMAKE_PREFIX_PATH=${CMAKE_PREFIX_PATH}:/opt/ros/jazzy /usr/bin/cmake --install /workspaces/jazzy_docker/new_pcb_robot/build/autonomous_robot
